2023-05-13 23:08:24.570-0400 [main]  INFO [swag-home,,] 1748 --- [c.c.c.ConfigServicePropertySourceLocator] : Fetching config from server at : http://swag-config-server:8888
2023-05-13 23:08:24.795-0400 [main]  INFO [swag-home,,] 1748 --- [c.c.c.ConfigServicePropertySourceLocator] : Connect Timeout Exception on Url - http://swag-config-server:8888. Will be trying the next url if available
2023-05-13 23:08:24.796-0400 [main]  WARN [swag-home,,] 1748 --- [c.c.c.ConfigServicePropertySourceLocator] : Could not locate PropertySource: I/O error on GET request for "http://swag-config-server:8888/swag-home/test": swag-config-server; nested exception is java.net.UnknownHostException: swag-config-server
2023-05-13 23:08:24.800-0400 [main]  INFO [swag-home,,] 1748 --- [c.e.swaghome.SwagHomeApplicationKt      ] : The following 1 profile is active: "test"
2023-05-13 23:08:26.814-0400 [main]  INFO [swag-home,,] 1748 --- [.s.d.r.c.RepositoryConfigurationDelegate] : Bootstrapping Spring Data MongoDB repositories in DEFAULT mode.
2023-05-13 23:08:26.838-0400 [main]  INFO [swag-home,,] 1748 --- [.s.d.r.c.RepositoryConfigurationDelegate] : Finished Spring Data repository scanning in 6 ms. Found 0 MongoDB repository interfaces.
2023-05-13 23:08:27.386-0400 [main]  INFO [swag-home,,] 1748 --- [o.s.cloud.context.scope.GenericScope    ] : BeanFactory id=e5580a77-810e-3e8f-a459-a9f769e64144
2023-05-13 23:08:28.828-0400 [main]  INFO [swag-home,,] 1748 --- [o.s.b.w.embedded.tomcat.TomcatWebServer ] : Tomcat initialized with port(s): 8038 (http)
2023-05-13 23:08:28.854-0400 [main]  INFO [swag-home,,] 1748 --- [o.apache.catalina.core.StandardService  ] : Starting service [Tomcat]
2023-05-13 23:08:28.857-0400 [main]  INFO [swag-home,,] 1748 --- [org.apache.catalina.core.StandardEngine ] : Starting Servlet engine: [Apache Tomcat/9.0.74]
2023-05-13 23:08:29.164-0400 [main]  INFO [swag-home,,] 1748 --- [o.a.c.c.C.[Tomcat].[localhost].[/]      ] : Initializing Spring embedded WebApplicationContext
2023-05-13 23:08:29.176-0400 [main]  INFO [swag-home,,] 1748 --- [w.s.c.ServletWebServerApplicationContext] : Root WebApplicationContext: initialization completed in 4312 ms
2023-05-13 23:08:31.815-0400 [cluster-ClusterId{value='646050af5609f8777dbea318', description='null'}-localhost:27017]  INFO [swag-home,,] 1748 --- [org.mongodb.driver.cluster              ] : Exception in monitor thread while connecting to server localhost:27017

com.mongodb.MongoSocketOpenException: Exception opening socket
	at com.mongodb.internal.connection.SocketStream.open(SocketStream.java:70)
	at com.mongodb.internal.connection.InternalStreamConnection.open(InternalStreamConnection.java:180)
	at com.mongodb.internal.connection.DefaultServerMonitor$ServerMonitorRunnable.lookupServerDescription(DefaultServerMonitor.java:193)
	at com.mongodb.internal.connection.DefaultServerMonitor$ServerMonitorRunnable.run(DefaultServerMonitor.java:157)
	at java.base/java.lang.Thread.run(Thread.java:1589)
Caused by: java.net.ConnectException: Connection refused
	at java.base/sun.nio.ch.Net.pollConnect(Native Method)
	at java.base/sun.nio.ch.Net.pollConnectNow(Net.java:672)
	at java.base/sun.nio.ch.NioSocketImpl.timedFinishConnect(NioSocketImpl.java:535)
	at java.base/sun.nio.ch.NioSocketImpl.connect(NioSocketImpl.java:585)
	at java.base/java.net.SocksSocketImpl.connect(SocksSocketImpl.java:327)
	at java.base/java.net.Socket.connect(Socket.java:666)
	at com.mongodb.internal.connection.SocketStreamHelper.initialize(SocketStreamHelper.java:107)
	at com.mongodb.internal.connection.SocketStream.initializeSocket(SocketStream.java:79)
	at com.mongodb.internal.connection.SocketStream.open(SocketStream.java:65)
	... 4 common frames omitted

2023-05-13 23:08:31.820-0400 [main]  INFO [swag-home,,] 1748 --- [org.mongodb.driver.client               ] : MongoClient with metadata {"driver": {"name": "mongo-java-driver|sync|spring-boot", "version": "4.6.1"}, "os": {"type": "Linux", "name": "Linux", "architecture": "amd64", "version": "6.1.26-1-MANJARO"}, "platform": "Java/Oracle Corporation/19.0.2+7-44"} created with settings MongoClientSettings{readPreference=primary, writeConcern=WriteConcern{w=null, wTimeout=null ms, journal=null}, retryWrites=true, retryReads=true, readConcern=ReadConcern{level=null}, credential=null, streamFactoryFactory=null, commandListeners=[io.micrometer.core.instrument.binder.mongodb.MongoMetricsCommandListener@4895e8f6, org.springframework.cloud.sleuth.instrument.mongodb.TraceMongoCommandListener@62808e9e], codecRegistry=ProvidersCodecRegistry{codecProviders=[ValueCodecProvider{}, BsonValueCodecProvider{}, DBRefCodecProvider{}, DBObjectCodecProvider{}, DocumentCodecProvider{}, IterableCodecProvider{}, MapCodecProvider{}, GeoJsonCodecProvider{}, GridFSFileCodecProvider{}, Jsr310CodecProvider{}, JsonObjectCodecProvider{}, BsonCodecProvider{}, EnumCodecProvider{}, com.mongodb.Jep395RecordCodecProvider@58b03029]}, clusterSettings={hosts=[localhost:27017], srvServiceName=mongodb, mode=SINGLE, requiredClusterType=UNKNOWN, requiredReplicaSetName='null', serverSelector='null', clusterListeners='[]', serverSelectionTimeout='30000 ms', localThreshold='30000 ms'}, socketSettings=SocketSettings{connectTimeoutMS=10000, readTimeoutMS=0, receiveBufferSize=0, sendBufferSize=0}, heartbeatSocketSettings=SocketSettings{connectTimeoutMS=10000, readTimeoutMS=10000, receiveBufferSize=0, sendBufferSize=0}, connectionPoolSettings=ConnectionPoolSettings{maxSize=100, minSize=0, maxWaitTimeMS=120000, maxConnectionLifeTimeMS=0, maxConnectionIdleTimeMS=0, maintenanceInitialDelayMS=0, maintenanceFrequencyMS=60000, connectionPoolListeners=[io.micrometer.core.instrument.binder.mongodb.MongoMetricsConnectionPoolListener@539dd2d0], maxConnecting=2}, serverSettings=ServerSettings{heartbeatFrequencyMS=10000, minHeartbeatFrequencyMS=500, serverListeners='[]', serverMonitorListeners='[]'}, sslSettings=SslSettings{enabled=false, invalidHostNameAllowed=false, context=null}, applicationName='null', compressorList=[], uuidRepresentation=JAVA_LEGACY, serverApi=null, autoEncryptionSettings=null, contextProvider=org.springframework.cloud.sleuth.instrument.mongodb.TraceSynchronousMongoClientSettingsBuilderCustomizer$$Lambda$891/0x0000000801639430@3428420d}
2023-05-13 23:08:31.912-0400 [main]  WARN [swag-home,,] 1748 --- [o.s.data.convert.CustomConversions      ] : Registering converter from class java.time.LocalDateTime to class org.joda.time.LocalDateTime as reading converter although it doesn't convert from a store-supported type; You might want to check your annotation setup at the converter implementation
2023-05-13 23:08:31.985-0400 [main]  WARN [swag-home,,] 1748 --- [o.s.data.convert.CustomConversions      ] : Registering converter from class java.time.LocalDateTime to class org.joda.time.LocalDateTime as reading converter although it doesn't convert from a store-supported type; You might want to check your annotation setup at the converter implementation
2023-05-13 23:08:35.701-0400 [main]  INFO [swag-home,,] 1748 --- [DiscoveryClientOptionalArgsConfiguration] : Eureka HTTP Client uses RestTemplate.
2023-05-13 23:08:35.977-0400 [main]  WARN [swag-home,,] 1748 --- [iguration$LoadBalancerCaffeineWarnLogger] : Spring Cloud LoadBalancer is currently working with the default cache. While this cache implementation is useful for development and tests, it's recommended to use Caffeine cache in production.You can switch to using Caffeine cache, by adding it and org.springframework.cache.caffeine.CaffeineCacheManager to the classpath.
2023-05-13 23:08:36.086-0400 [main]  INFO [swag-home,,] 1748 --- [o.s.b.a.e.web.EndpointLinksResolver     ] : Exposing 1 endpoint(s) beneath base path '/actuator'
2023-05-13 23:08:36.173-0400 [main]  INFO [swag-home,,] 1748 --- [o.s.c.n.eureka.InstanceInfoFactory      ] : Setting initial instance status as: STARTING
2023-05-13 23:08:36.249-0400 [main]  INFO [swag-home,,] 1748 --- [com.netflix.discovery.DiscoveryClient   ] : Initializing Eureka in region us-east-1
2023-05-13 23:08:36.254-0400 [main]  INFO [swag-home,,] 1748 --- [c.n.d.s.r.aws.ConfigClusterResolver     ] : Resolving eureka endpoints via configuration
2023-05-13 23:08:36.272-0400 [main]  INFO [swag-home,,] 1748 --- [com.netflix.discovery.DiscoveryClient   ] : Disable delta property : false
2023-05-13 23:08:36.272-0400 [main]  INFO [swag-home,,] 1748 --- [com.netflix.discovery.DiscoveryClient   ] : Single vip registry refresh property : null
2023-05-13 23:08:36.272-0400 [main]  INFO [swag-home,,] 1748 --- [com.netflix.discovery.DiscoveryClient   ] : Force full registry fetch : false
2023-05-13 23:08:36.272-0400 [main]  INFO [swag-home,,] 1748 --- [com.netflix.discovery.DiscoveryClient   ] : Application is null : false
2023-05-13 23:08:36.272-0400 [main]  INFO [swag-home,,] 1748 --- [com.netflix.discovery.DiscoveryClient   ] : Registered Applications size is zero : true
2023-05-13 23:08:36.272-0400 [main]  INFO [swag-home,,] 1748 --- [com.netflix.discovery.DiscoveryClient   ] : Application version is -1: true
2023-05-13 23:08:36.273-0400 [main]  INFO [swag-home,,] 1748 --- [com.netflix.discovery.DiscoveryClient   ] : Getting all instance registry info from the eureka server
2023-05-13 23:08:36.570-0400 [main]  INFO [swag-home,,] 1748 --- [com.netflix.discovery.DiscoveryClient   ] : The response status is 200
2023-05-13 23:08:36.573-0400 [main]  INFO [swag-home,,] 1748 --- [com.netflix.discovery.DiscoveryClient   ] : Starting heartbeat executor: renew interval is: 30
2023-05-13 23:08:36.576-0400 [main]  INFO [swag-home,,] 1748 --- [c.n.discovery.InstanceInfoReplicator    ] : InstanceInfoReplicator onDemand update allowed rate per min is 4
2023-05-13 23:08:36.581-0400 [main]  INFO [swag-home,,] 1748 --- [com.netflix.discovery.DiscoveryClient   ] : Discovery Client initialized at timestamp 1684033716580 with initial instances count: 1
2023-05-13 23:08:36.592-0400 [main]  INFO [swag-home,,] 1748 --- [o.s.c.n.e.s.EurekaServiceRegistry       ] : Registering application SWAG-HOME with eureka with status UP
2023-05-13 23:08:36.593-0400 [main]  INFO [swag-home,,] 1748 --- [com.netflix.discovery.DiscoveryClient   ] : Saw local status change event StatusChangeEvent [timestamp=1684033716593, current=UP, previous=STARTING]
2023-05-13 23:08:36.594-0400 [DiscoveryClient-InstanceInfoReplicator-0]  INFO [swag-home,,] 1748 --- [com.netflix.discovery.DiscoveryClient   ] : DiscoveryClient_SWAG-HOME/192.168.100.135:swag-home:8038: registering service...
2023-05-13 23:08:36.610-0400 [main]  INFO [swag-home,,] 1748 --- [o.s.b.w.embedded.tomcat.TomcatWebServer ] : Tomcat started on port(s): 8038 (http) with context path ''
2023-05-13 23:08:36.611-0400 [main]  INFO [swag-home,,] 1748 --- [.s.c.n.e.s.EurekaAutoServiceRegistration] : Updating port to 8038
2023-05-13 23:08:36.637-0400 [DiscoveryClient-InstanceInfoReplicator-0]  INFO [swag-home,,] 1748 --- [com.netflix.discovery.DiscoveryClient   ] : DiscoveryClient_SWAG-HOME/192.168.100.135:swag-home:8038 - registration status: 204
2023-05-13 23:08:36.649-0400 [main]  INFO [swag-home,,] 1748 --- [c.e.swaghome.SwagHomeApplicationKt      ] : Started SwagHomeApplicationKt in 15.394 seconds (JVM running for 17.919)
2023-05-13 23:08:36.731-0400 [RMI TCP Connection(18)-127.0.0.1]  INFO [swag-home,,] 1748 --- [o.a.c.c.C.[Tomcat].[localhost].[/]      ] : Initializing Spring DispatcherServlet 'dispatcherServlet'
2023-05-13 23:08:36.732-0400 [RMI TCP Connection(18)-127.0.0.1]  INFO [swag-home,,] 1748 --- [o.s.web.servlet.DispatcherServlet       ] : Initializing Servlet 'dispatcherServlet'
2023-05-13 23:08:36.737-0400 [RMI TCP Connection(18)-127.0.0.1]  INFO [swag-home,,] 1748 --- [o.s.web.servlet.DispatcherServlet       ] : Completed initialization in 5 ms
2023-05-13 23:08:36.744-0400 [RMI TCP Connection(17)-127.0.0.1]  INFO [swag-home,,] 1748 --- [org.mongodb.driver.cluster              ] : Cluster description not yet available. Waiting for 30000 ms before timing out
2023-05-13 23:08:54.301-0400 [http-nio-8038-exec-1] ERROR [swag-home,e60110d192080688,e60110d192080688] 1748 --- [o.a.c.c.C.[Tomcat].[localhost]          ] : Exception Processing /test

java.lang.RuntimeException: Must set 'realm' in config
	at org.keycloak.adapters.KeycloakDeploymentBuilder.internalBuild(KeycloakDeploymentBuilder.java:58)
	at org.keycloak.adapters.KeycloakDeploymentBuilder.build(KeycloakDeploymentBuilder.java:205)
	at org.keycloak.adapters.springboot.KeycloakSpringBootConfigResolver.resolve(KeycloakSpringBootConfigResolver.java:41)
	at org.keycloak.adapters.springsecurity.config.KeycloakSpringConfigResolverWrapper.resolve(KeycloakSpringConfigResolverWrapper.java:40)
	at org.keycloak.adapters.AdapterDeploymentContext.resolveDeployment(AdapterDeploymentContext.java:89)
	at org.keycloak.adapters.PreAuthActionsHandler.preflightCors(PreAuthActionsHandler.java:100)
	at org.keycloak.adapters.PreAuthActionsHandler.handleRequest(PreAuthActionsHandler.java:75)
	at org.keycloak.adapters.tomcat.AbstractKeycloakAuthenticatorValve.invoke(AbstractKeycloakAuthenticatorValve.java:177)
	at org.apache.catalina.core.StandardHostValve.invoke(StandardHostValve.java:130)
	at org.apache.catalina.valves.ErrorReportValve.invoke(ErrorReportValve.java:93)
	at org.apache.catalina.core.StandardEngineValve.invoke(StandardEngineValve.java:74)
	at org.springframework.cloud.sleuth.instrument.web.tomcat.TraceValve.invoke(TraceValve.java:103)
	at org.apache.catalina.connector.CoyoteAdapter.service(CoyoteAdapter.java:343)
	at org.apache.coyote.http11.Http11Processor.service(Http11Processor.java:389)
	at org.apache.coyote.AbstractProcessorLight.process(AbstractProcessorLight.java:63)
	at org.apache.coyote.AbstractProtocol$ConnectionHandler.process(AbstractProtocol.java:926)
	at org.apache.tomcat.util.net.NioEndpoint$SocketProcessor.doRun(NioEndpoint.java:1791)
	at org.apache.tomcat.util.net.SocketProcessorBase.run(SocketProcessorBase.java:52)
	at org.apache.tomcat.util.threads.ThreadPoolExecutor.runWorker(ThreadPoolExecutor.java:1191)
	at org.apache.tomcat.util.threads.ThreadPoolExecutor$Worker.run(ThreadPoolExecutor.java:659)
	at org.apache.tomcat.util.threads.TaskThread$WrappingRunnable.run(TaskThread.java:61)
	at java.base/java.lang.Thread.run(Thread.java:1589)

2023-05-13 23:09:06.744-0400 [RMI TCP Connection(17)-127.0.0.1]  WARN [swag-home,,] 1748 --- [o.s.b.a.mongo.MongoHealthIndicator      ] : MongoDB health check failed

org.springframework.dao.DataAccessResourceFailureException: Timed out after 30000 ms while waiting to connect. Client view of cluster state is {type=UNKNOWN, servers=[{address=localhost:27017, type=UNKNOWN, state=CONNECTING, exception={com.mongodb.MongoSocketOpenException: Exception opening socket}, caused by {java.net.ConnectException: Connection refused}}]; nested exception is com.mongodb.MongoTimeoutException: Timed out after 30000 ms while waiting to connect. Client view of cluster state is {type=UNKNOWN, servers=[{address=localhost:27017, type=UNKNOWN, state=CONNECTING, exception={com.mongodb.MongoSocketOpenException: Exception opening socket}, caused by {java.net.ConnectException: Connection refused}}]
	at org.springframework.data.mongodb.core.MongoExceptionTranslator.translateExceptionIfPossible(MongoExceptionTranslator.java:95)
	at org.springframework.data.mongodb.core.MongoTemplate.potentiallyConvertRuntimeException(MongoTemplate.java:3029)
	at org.springframework.data.mongodb.core.MongoTemplate.execute(MongoTemplate.java:552)
	at org.springframework.data.mongodb.core.MongoTemplate.executeCommand(MongoTemplate.java:467)
	at org.springframework.boot.actuate.mongo.MongoHealthIndicator.doHealthCheck(MongoHealthIndicator.java:46)
	at org.springframework.boot.actuate.health.AbstractHealthIndicator.health(AbstractHealthIndicator.java:82)
	at org.springframework.boot.actuate.health.HealthIndicator.getHealth(HealthIndicator.java:37)
	at org.springframework.boot.actuate.health.HealthEndpoint.getHealth(HealthEndpoint.java:94)
	at org.springframework.boot.actuate.health.HealthEndpoint.getHealth(HealthEndpoint.java:41)
	at org.springframework.boot.actuate.health.HealthEndpointSupport.getLoggedHealth(HealthEndpointSupport.java:172)
	at org.springframework.boot.actuate.health.HealthEndpointSupport.getContribution(HealthEndpointSupport.java:145)
	at org.springframework.boot.actuate.health.HealthEndpointSupport.getAggregateContribution(HealthEndpointSupport.java:156)
	at org.springframework.boot.actuate.health.HealthEndpointSupport.getContribution(HealthEndpointSupport.java:141)
	at org.springframework.boot.actuate.health.HealthEndpointSupport.getHealth(HealthEndpointSupport.java:110)
	at org.springframework.boot.actuate.health.HealthEndpointSupport.getHealth(HealthEndpointSupport.java:81)
	at org.springframework.boot.actuate.health.HealthEndpoint.health(HealthEndpoint.java:88)
	at org.springframework.boot.actuate.health.HealthEndpoint.health(HealthEndpoint.java:78)
	at java.base/jdk.internal.reflect.DirectMethodHandleAccessor.invoke(DirectMethodHandleAccessor.java:104)
	at java.base/java.lang.reflect.Method.invoke(Method.java:578)
	at org.springframework.util.ReflectionUtils.invokeMethod(ReflectionUtils.java:282)
	at org.springframework.boot.actuate.endpoint.invoke.reflect.ReflectiveOperationInvoker.invoke(ReflectiveOperationInvoker.java:74)
	at org.springframework.boot.actuate.endpoint.annotation.AbstractDiscoveredOperation.invoke(AbstractDiscoveredOperation.java:60)
	at org.springframework.boot.actuate.endpoint.jmx.EndpointMBean.invoke(EndpointMBean.java:124)
	at org.springframework.boot.actuate.endpoint.jmx.EndpointMBean.invoke(EndpointMBean.java:97)
	at java.management/com.sun.jmx.interceptor.DefaultMBeanServerInterceptor.invoke(DefaultMBeanServerInterceptor.java:809)
	at java.management/com.sun.jmx.mbeanserver.JmxMBeanServer.invoke(JmxMBeanServer.java:802)
	at java.management.rmi/javax.management.remote.rmi.RMIConnectionImpl.doOperation(RMIConnectionImpl.java:1472)
	at java.management.rmi/javax.management.remote.rmi.RMIConnectionImpl$PrivilegedOperation.run(RMIConnectionImpl.java:1310)
	at java.management.rmi/javax.management.remote.rmi.RMIConnectionImpl.doPrivilegedOperation(RMIConnectionImpl.java:1405)
	at java.management.rmi/javax.management.remote.rmi.RMIConnectionImpl.invoke(RMIConnectionImpl.java:829)
	at java.base/jdk.internal.reflect.DirectMethodHandleAccessor.invoke(DirectMethodHandleAccessor.java:104)
	at java.base/java.lang.reflect.Method.invoke(Method.java:578)
	at java.rmi/sun.rmi.server.UnicastServerRef.dispatch(UnicastServerRef.java:360)
	at java.rmi/sun.rmi.transport.Transport$1.run(Transport.java:200)
	at java.rmi/sun.rmi.transport.Transport$1.run(Transport.java:197)
	at java.base/java.security.AccessController.doPrivileged(AccessController.java:712)
	at java.rmi/sun.rmi.transport.Transport.serviceCall(Transport.java:196)
	at java.rmi/sun.rmi.transport.tcp.TCPTransport.handleMessages(TCPTransport.java:598)
	at java.rmi/sun.rmi.transport.tcp.TCPTransport$ConnectionHandler.run0(TCPTransport.java:844)
	at java.rmi/sun.rmi.transport.tcp.TCPTransport$ConnectionHandler.lambda$run$0(TCPTransport.java:721)
	at java.base/java.security.AccessController.doPrivileged(AccessController.java:399)
	at java.rmi/sun.rmi.transport.tcp.TCPTransport$ConnectionHandler.run(TCPTransport.java:720)
	at java.base/java.util.concurrent.ThreadPoolExecutor.runWorker(ThreadPoolExecutor.java:1144)
	at java.base/java.util.concurrent.ThreadPoolExecutor$Worker.run(ThreadPoolExecutor.java:642)
	at java.base/java.lang.Thread.run(Thread.java:1589)
Caused by: com.mongodb.MongoTimeoutException: Timed out after 30000 ms while waiting to connect. Client view of cluster state is {type=UNKNOWN, servers=[{address=localhost:27017, type=UNKNOWN, state=CONNECTING, exception={com.mongodb.MongoSocketOpenException: Exception opening socket}, caused by {java.net.ConnectException: Connection refused}}]
	at com.mongodb.internal.connection.BaseCluster.getDescription(BaseCluster.java:180)
	at com.mongodb.internal.connection.SingleServerCluster.getDescription(SingleServerCluster.java:44)
	at com.mongodb.client.internal.MongoClientDelegate.getConnectedClusterDescription(MongoClientDelegate.java:144)
	at com.mongodb.client.internal.MongoClientDelegate.createClientSession(MongoClientDelegate.java:101)
	at com.mongodb.client.internal.MongoClientDelegate$DelegateOperationExecutor.getClientSession(MongoClientDelegate.java:291)
	at com.mongodb.client.internal.MongoClientDelegate$DelegateOperationExecutor.execute(MongoClientDelegate.java:183)
	at com.mongodb.client.internal.MongoDatabaseImpl.executeCommand(MongoDatabaseImpl.java:195)
	at com.mongodb.client.internal.MongoDatabaseImpl.runCommand(MongoDatabaseImpl.java:164)
	at com.mongodb.client.internal.MongoDatabaseImpl.runCommand(MongoDatabaseImpl.java:159)
	at org.springframework.data.mongodb.core.MongoTemplate.lambda$executeCommand$3(MongoTemplate.java:467)
	at org.springframework.data.mongodb.core.MongoTemplate.execute(MongoTemplate.java:550)
	... 42 common frames omitted

2023-05-13 23:09:06.747-0400 [RMI TCP Connection(17)-127.0.0.1]  WARN [swag-home,,] 1748 --- [o.s.b.a.health.HealthEndpointSupport    ] : Health contributor org.springframework.boot.actuate.mongo.MongoHealthIndicator (mongo) took 30017ms to respond
2023-05-13 23:10:30.605-0400 [Thread-3]  INFO [swag-home,,] 1748 --- [o.s.c.s.a.z.ZipkinAutoConfiguration     ] : Flushing remaining spans on shutdown
2023-05-13 23:10:30.606-0400 [SpringApplicationShutdownHook]  INFO [swag-home,,] 1748 --- [o.s.c.n.e.s.EurekaServiceRegistry       ] : Unregistering application SWAG-HOME with eureka with status DOWN
2023-05-13 23:10:30.607-0400 [SpringApplicationShutdownHook]  INFO [swag-home,,] 1748 --- [com.netflix.discovery.DiscoveryClient   ] : Saw local status change event StatusChangeEvent [timestamp=1684033830607, current=DOWN, previous=UP]
2023-05-13 23:10:30.609-0400 [DiscoveryClient-InstanceInfoReplicator-0]  INFO [swag-home,,] 1748 --- [com.netflix.discovery.DiscoveryClient   ] : DiscoveryClient_SWAG-HOME/192.168.100.135:swag-home:8038: registering service...
2023-05-13 23:10:30.626-0400 [DiscoveryClient-InstanceInfoReplicator-0]  INFO [swag-home,,] 1748 --- [com.netflix.discovery.DiscoveryClient   ] : DiscoveryClient_SWAG-HOME/192.168.100.135:swag-home:8038 - registration status: 204
2023-05-13 23:10:31.502-0400 [SpringApplicationShutdownHook]  INFO [swag-home,,] 1748 --- [com.netflix.discovery.DiscoveryClient   ] : Shutting down DiscoveryClient ...
2023-05-13 23:10:34.504-0400 [SpringApplicationShutdownHook]  INFO [swag-home,,] 1748 --- [com.netflix.discovery.DiscoveryClient   ] : Unregistering ...
2023-05-13 23:10:34.515-0400 [SpringApplicationShutdownHook]  INFO [swag-home,,] 1748 --- [com.netflix.discovery.DiscoveryClient   ] : DiscoveryClient_SWAG-HOME/192.168.100.135:swag-home:8038 - deregister  status: 200
2023-05-13 23:10:34.521-0400 [SpringApplicationShutdownHook]  INFO [swag-home,,] 1748 --- [com.netflix.discovery.DiscoveryClient   ] : Completed shut down of DiscoveryClient
2023-05-13 23:11:10.439-0400 [main]  INFO [swag-home,,] 2021 --- [c.c.c.ConfigServicePropertySourceLocator] : Fetching config from server at : http://swag-config-server:8888
2023-05-13 23:11:10.568-0400 [main]  INFO [swag-home,,] 2021 --- [c.c.c.ConfigServicePropertySourceLocator] : Connect Timeout Exception on Url - http://swag-config-server:8888. Will be trying the next url if available
2023-05-13 23:11:10.568-0400 [main]  WARN [swag-home,,] 2021 --- [c.c.c.ConfigServicePropertySourceLocator] : Could not locate PropertySource: I/O error on GET request for "http://swag-config-server:8888/swag-home/test": swag-config-server; nested exception is java.net.UnknownHostException: swag-config-server
2023-05-13 23:11:10.571-0400 [main]  INFO [swag-home,,] 2021 --- [c.e.swaghome.SwagHomeApplicationKt      ] : The following 1 profile is active: "test"
2023-05-13 23:11:11.782-0400 [main]  INFO [swag-home,,] 2021 --- [o.s.cloud.context.scope.GenericScope    ] : BeanFactory id=f22d8955-ab42-33c6-90fd-160f98e0e815
2023-05-13 23:11:12.583-0400 [main]  INFO [swag-home,,] 2021 --- [o.s.b.w.embedded.tomcat.TomcatWebServer ] : Tomcat initialized with port(s): 8038 (http)
2023-05-13 23:11:12.596-0400 [main]  INFO [swag-home,,] 2021 --- [o.apache.catalina.core.StandardService  ] : Starting service [Tomcat]
2023-05-13 23:11:12.596-0400 [main]  INFO [swag-home,,] 2021 --- [org.apache.catalina.core.StandardEngine ] : Starting Servlet engine: [Apache Tomcat/9.0.74]
2023-05-13 23:11:12.770-0400 [main]  INFO [swag-home,,] 2021 --- [o.a.c.c.C.[Tomcat].[localhost].[/]      ] : Initializing Spring embedded WebApplicationContext
2023-05-13 23:11:12.771-0400 [main]  INFO [swag-home,,] 2021 --- [w.s.c.ServletWebServerApplicationContext] : Root WebApplicationContext: initialization completed in 2155 ms
2023-05-13 23:11:15.912-0400 [main]  INFO [swag-home,,] 2021 --- [DiscoveryClientOptionalArgsConfiguration] : Eureka HTTP Client uses RestTemplate.
2023-05-13 23:11:16.263-0400 [main]  WARN [swag-home,,] 2021 --- [iguration$LoadBalancerCaffeineWarnLogger] : Spring Cloud LoadBalancer is currently working with the default cache. While this cache implementation is useful for development and tests, it's recommended to use Caffeine cache in production.You can switch to using Caffeine cache, by adding it and org.springframework.cache.caffeine.CaffeineCacheManager to the classpath.
2023-05-13 23:11:16.496-0400 [main]  INFO [swag-home,,] 2021 --- [o.s.b.a.e.web.EndpointLinksResolver     ] : Exposing 1 endpoint(s) beneath base path '/actuator'
2023-05-13 23:11:16.631-0400 [main]  INFO [swag-home,,] 2021 --- [o.s.c.n.eureka.InstanceInfoFactory      ] : Setting initial instance status as: STARTING
2023-05-13 23:11:16.670-0400 [main]  INFO [swag-home,,] 2021 --- [com.netflix.discovery.DiscoveryClient   ] : Initializing Eureka in region us-east-1
2023-05-13 23:11:16.677-0400 [main]  INFO [swag-home,,] 2021 --- [c.n.d.s.r.aws.ConfigClusterResolver     ] : Resolving eureka endpoints via configuration
2023-05-13 23:11:16.707-0400 [main]  INFO [swag-home,,] 2021 --- [com.netflix.discovery.DiscoveryClient   ] : Disable delta property : false
2023-05-13 23:11:16.707-0400 [main]  INFO [swag-home,,] 2021 --- [com.netflix.discovery.DiscoveryClient   ] : Single vip registry refresh property : null
2023-05-13 23:11:16.707-0400 [main]  INFO [swag-home,,] 2021 --- [com.netflix.discovery.DiscoveryClient   ] : Force full registry fetch : false
2023-05-13 23:11:16.708-0400 [main]  INFO [swag-home,,] 2021 --- [com.netflix.discovery.DiscoveryClient   ] : Application is null : false
2023-05-13 23:11:16.708-0400 [main]  INFO [swag-home,,] 2021 --- [com.netflix.discovery.DiscoveryClient   ] : Registered Applications size is zero : true
2023-05-13 23:11:16.708-0400 [main]  INFO [swag-home,,] 2021 --- [com.netflix.discovery.DiscoveryClient   ] : Application version is -1: true
2023-05-13 23:11:16.708-0400 [main]  INFO [swag-home,,] 2021 --- [com.netflix.discovery.DiscoveryClient   ] : Getting all instance registry info from the eureka server
2023-05-13 23:11:17.026-0400 [main]  INFO [swag-home,,] 2021 --- [com.netflix.discovery.DiscoveryClient   ] : The response status is 200
2023-05-13 23:11:17.028-0400 [main]  INFO [swag-home,,] 2021 --- [com.netflix.discovery.DiscoveryClient   ] : Starting heartbeat executor: renew interval is: 30
2023-05-13 23:11:17.031-0400 [main]  INFO [swag-home,,] 2021 --- [c.n.discovery.InstanceInfoReplicator    ] : InstanceInfoReplicator onDemand update allowed rate per min is 4
2023-05-13 23:11:17.037-0400 [main]  INFO [swag-home,,] 2021 --- [com.netflix.discovery.DiscoveryClient   ] : Discovery Client initialized at timestamp 1684033877036 with initial instances count: 1
2023-05-13 23:11:17.047-0400 [main]  INFO [swag-home,,] 2021 --- [o.s.c.n.e.s.EurekaServiceRegistry       ] : Registering application SWAG-HOME with eureka with status UP
2023-05-13 23:11:17.048-0400 [main]  INFO [swag-home,,] 2021 --- [com.netflix.discovery.DiscoveryClient   ] : Saw local status change event StatusChangeEvent [timestamp=1684033877048, current=UP, previous=STARTING]
2023-05-13 23:11:17.049-0400 [DiscoveryClient-InstanceInfoReplicator-0]  INFO [swag-home,,] 2021 --- [com.netflix.discovery.DiscoveryClient   ] : DiscoveryClient_SWAG-HOME/192.168.100.135:swag-home:8038: registering service...
2023-05-13 23:11:17.073-0400 [main]  INFO [swag-home,,] 2021 --- [o.s.b.w.embedded.tomcat.TomcatWebServer ] : Tomcat started on port(s): 8038 (http) with context path ''
2023-05-13 23:11:17.074-0400 [main]  INFO [swag-home,,] 2021 --- [.s.c.n.e.s.EurekaAutoServiceRegistration] : Updating port to 8038
2023-05-13 23:11:17.092-0400 [DiscoveryClient-InstanceInfoReplicator-0]  INFO [swag-home,,] 2021 --- [com.netflix.discovery.DiscoveryClient   ] : DiscoveryClient_SWAG-HOME/192.168.100.135:swag-home:8038 - registration status: 204
2023-05-13 23:11:17.108-0400 [main]  INFO [swag-home,,] 2021 --- [c.e.swaghome.SwagHomeApplicationKt      ] : Started SwagHomeApplicationKt in 8.77 seconds (JVM running for 10.172)
2023-05-13 23:11:17.639-0400 [RMI TCP Connection(6)-127.0.0.1]  INFO [swag-home,,] 2021 --- [o.a.c.c.C.[Tomcat].[localhost].[/]      ] : Initializing Spring DispatcherServlet 'dispatcherServlet'
2023-05-13 23:11:17.640-0400 [RMI TCP Connection(6)-127.0.0.1]  INFO [swag-home,,] 2021 --- [o.s.web.servlet.DispatcherServlet       ] : Initializing Servlet 'dispatcherServlet'
2023-05-13 23:11:17.642-0400 [RMI TCP Connection(6)-127.0.0.1]  INFO [swag-home,,] 2021 --- [o.s.web.servlet.DispatcherServlet       ] : Completed initialization in 2 ms
2023-05-13 23:11:21.478-0400 [http-nio-8038-exec-1]  INFO [swag-home,bf30966fd18caf32,bf30966fd18caf32] 2021 --- [com.example.swaghome.api.HomeAPI        ] : Custom Home API working
2023-05-13 23:16:16.711-0400 [AsyncResolver-bootstrap-executor-0]  INFO [swag-home,,] 2021 --- [c.n.d.s.r.aws.ConfigClusterResolver     ] : Resolving eureka endpoints via configuration
2023-05-13 23:21:00.210-0400 [Thread-3]  INFO [swag-home,,] 2021 --- [o.s.c.s.a.z.ZipkinAutoConfiguration     ] : Flushing remaining spans on shutdown
2023-05-13 23:21:00.243-0400 [SpringApplicationShutdownHook]  INFO [swag-home,,] 2021 --- [o.s.c.n.e.s.EurekaServiceRegistry       ] : Unregistering application SWAG-HOME with eureka with status DOWN
2023-05-13 23:21:00.245-0400 [SpringApplicationShutdownHook]  INFO [swag-home,,] 2021 --- [com.netflix.discovery.DiscoveryClient   ] : Saw local status change event StatusChangeEvent [timestamp=1684034460245, current=DOWN, previous=UP]
2023-05-13 23:21:00.246-0400 [DiscoveryClient-InstanceInfoReplicator-0]  INFO [swag-home,,] 2021 --- [com.netflix.discovery.DiscoveryClient   ] : DiscoveryClient_SWAG-HOME/192.168.100.135:swag-home:8038: registering service...
2023-05-13 23:21:00.263-0400 [DiscoveryClient-InstanceInfoReplicator-0]  INFO [swag-home,,] 2021 --- [com.netflix.discovery.DiscoveryClient   ] : DiscoveryClient_SWAG-HOME/192.168.100.135:swag-home:8038 - registration status: 204
2023-05-13 23:21:00.607-0400 [SpringApplicationShutdownHook]  INFO [swag-home,,] 2021 --- [com.netflix.discovery.DiscoveryClient   ] : Shutting down DiscoveryClient ...
2023-05-13 23:21:03.612-0400 [SpringApplicationShutdownHook]  INFO [swag-home,,] 2021 --- [com.netflix.discovery.DiscoveryClient   ] : Unregistering ...
2023-05-13 23:21:03.618-0400 [SpringApplicationShutdownHook]  INFO [swag-home,,] 2021 --- [com.netflix.discovery.DiscoveryClient   ] : DiscoveryClient_SWAG-HOME/192.168.100.135:swag-home:8038 - deregister  status: 200
2023-05-13 23:21:03.623-0400 [SpringApplicationShutdownHook]  INFO [swag-home,,] 2021 --- [com.netflix.discovery.DiscoveryClient   ] : Completed shut down of DiscoveryClient
2023-05-13 23:44:31.434-0400 [main]  INFO [swag-home,,] 2427 --- [c.c.c.ConfigServicePropertySourceLocator] : Fetching config from server at : http://swag-config-server:8888
2023-05-13 23:44:31.630-0400 [main]  INFO [swag-home,,] 2427 --- [c.c.c.ConfigServicePropertySourceLocator] : Connect Timeout Exception on Url - http://swag-config-server:8888. Will be trying the next url if available
2023-05-13 23:44:31.630-0400 [main]  WARN [swag-home,,] 2427 --- [c.c.c.ConfigServicePropertySourceLocator] : Could not locate PropertySource: I/O error on GET request for "http://swag-config-server:8888/swag-home/test": swag-config-server; nested exception is java.net.UnknownHostException: swag-config-server
2023-05-13 23:44:31.633-0400 [main]  INFO [swag-home,,] 2427 --- [c.e.swaghome.SwagHomeApplicationKt      ] : The following 1 profile is active: "test"
2023-05-13 23:44:33.013-0400 [main]  INFO [swag-home,,] 2427 --- [.s.d.r.c.RepositoryConfigurationDelegate] : Bootstrapping Spring Data MongoDB repositories in DEFAULT mode.
2023-05-13 23:44:33.197-0400 [main]  INFO [swag-home,,] 2427 --- [.s.d.r.c.RepositoryConfigurationDelegate] : Finished Spring Data repository scanning in 177 ms. Found 1 MongoDB repository interfaces.
2023-05-13 23:44:33.830-0400 [main]  INFO [swag-home,,] 2427 --- [o.s.cloud.context.scope.GenericScope    ] : BeanFactory id=dd431cc6-5545-3e92-898c-e72ff8c629f6
2023-05-13 23:44:35.070-0400 [main]  INFO [swag-home,,] 2427 --- [o.s.b.w.embedded.tomcat.TomcatWebServer ] : Tomcat initialized with port(s): 8038 (http)
2023-05-13 23:44:35.089-0400 [main]  INFO [swag-home,,] 2427 --- [o.apache.catalina.core.StandardService  ] : Starting service [Tomcat]
2023-05-13 23:44:35.089-0400 [main]  INFO [swag-home,,] 2427 --- [org.apache.catalina.core.StandardEngine ] : Starting Servlet engine: [Apache Tomcat/9.0.74]
2023-05-13 23:44:35.278-0400 [main]  INFO [swag-home,,] 2427 --- [o.a.c.c.C.[Tomcat].[localhost].[/]      ] : Initializing Spring embedded WebApplicationContext
2023-05-13 23:44:35.279-0400 [main]  INFO [swag-home,,] 2427 --- [w.s.c.ServletWebServerApplicationContext] : Root WebApplicationContext: initialization completed in 3611 ms
2023-05-13 23:44:36.826-0400 [cluster-ClusterId{value='6460592419cc9e6206125a45', description='null'}-srv-labooncluster.ptkenzc.mongodb.net]  INFO [swag-home,,] 2427 --- [org.mongodb.driver.cluster              ] : Adding discovered server ac-wu6hl9z-shard-00-02.ptkenzc.mongodb.net:27017 to client view of cluster
2023-05-13 23:44:36.826-0400 [main]  INFO [swag-home,,] 2427 --- [org.mongodb.driver.client               ] : MongoClient with metadata {"driver": {"name": "mongo-java-driver|sync|spring-boot", "version": "4.6.1"}, "os": {"type": "Linux", "name": "Linux", "architecture": "amd64", "version": "6.1.26-1-MANJARO"}, "platform": "Java/Oracle Corporation/19.0.2+7-44"} created with settings MongoClientSettings{readPreference=primary, writeConcern=WriteConcern{w=majority, wTimeout=null ms, journal=null}, retryWrites=true, retryReads=true, readConcern=ReadConcern{level=null}, credential=MongoCredential{mechanism=null, userName='JuancaJcA', source='admin', password=<hidden>, mechanismProperties=<hidden>}, streamFactoryFactory=null, commandListeners=[io.micrometer.core.instrument.binder.mongodb.MongoMetricsCommandListener@3acc3ee, org.springframework.cloud.sleuth.instrument.mongodb.TraceMongoCommandListener@1f293cb7], codecRegistry=ProvidersCodecRegistry{codecProviders=[ValueCodecProvider{}, BsonValueCodecProvider{}, DBRefCodecProvider{}, DBObjectCodecProvider{}, DocumentCodecProvider{}, IterableCodecProvider{}, MapCodecProvider{}, GeoJsonCodecProvider{}, GridFSFileCodecProvider{}, Jsr310CodecProvider{}, JsonObjectCodecProvider{}, BsonCodecProvider{}, EnumCodecProvider{}, com.mongodb.Jep395RecordCodecProvider@5972e3a]}, clusterSettings={hosts=[127.0.0.1:27017], srvHost=labooncluster.ptkenzc.mongodb.net, srvServiceName=mongodb, mode=MULTIPLE, requiredClusterType=REPLICA_SET, requiredReplicaSetName='atlas-skb8x2-shard-0', serverSelector='null', clusterListeners='[]', serverSelectionTimeout='30000 ms', localThreshold='30000 ms'}, socketSettings=SocketSettings{connectTimeoutMS=10000, readTimeoutMS=0, receiveBufferSize=0, sendBufferSize=0}, heartbeatSocketSettings=SocketSettings{connectTimeoutMS=10000, readTimeoutMS=10000, receiveBufferSize=0, sendBufferSize=0}, connectionPoolSettings=ConnectionPoolSettings{maxSize=100, minSize=0, maxWaitTimeMS=120000, maxConnectionLifeTimeMS=0, maxConnectionIdleTimeMS=0, maintenanceInitialDelayMS=0, maintenanceFrequencyMS=60000, connectionPoolListeners=[io.micrometer.core.instrument.binder.mongodb.MongoMetricsConnectionPoolListener@5790cbcb], maxConnecting=2}, serverSettings=ServerSettings{heartbeatFrequencyMS=10000, minHeartbeatFrequencyMS=500, serverListeners='[]', serverMonitorListeners='[]'}, sslSettings=SslSettings{enabled=true, invalidHostNameAllowed=false, context=null}, applicationName='null', compressorList=[], uuidRepresentation=JAVA_LEGACY, serverApi=null, autoEncryptionSettings=null, contextProvider=org.springframework.cloud.sleuth.instrument.mongodb.TraceSynchronousMongoClientSettingsBuilderCustomizer$$Lambda$959/0x000000080166c430@32c6d164}
2023-05-13 23:44:36.861-0400 [cluster-ClusterId{value='6460592419cc9e6206125a45', description='null'}-srv-labooncluster.ptkenzc.mongodb.net]  INFO [swag-home,,] 2427 --- [org.mongodb.driver.cluster              ] : Adding discovered server ac-wu6hl9z-shard-00-01.ptkenzc.mongodb.net:27017 to client view of cluster
2023-05-13 23:44:36.869-0400 [cluster-ClusterId{value='6460592419cc9e6206125a45', description='null'}-srv-labooncluster.ptkenzc.mongodb.net]  INFO [swag-home,,] 2427 --- [org.mongodb.driver.cluster              ] : Adding discovered server ac-wu6hl9z-shard-00-00.ptkenzc.mongodb.net:27017 to client view of cluster
2023-05-13 23:44:37.125-0400 [main]  WARN [swag-home,,] 2427 --- [ConfigServletWebServerApplicationContext] : Exception encountered during context initialization - cancelling refresh attempt: org.springframework.beans.factory.UnsatisfiedDependencyException: Error creating bean with name 'homeAPI': Unsatisfied dependency expressed through method 'HomeAPI' parameter 0; nested exception is org.springframework.beans.factory.UnsatisfiedDependencyException: Error creating bean with name 'homeBL' defined in file [/home/juanca/Documents/UCB/Arquitectura/SWAG/swag-home/target/classes/com/example/swaghome/bl/HomeBL.class]: Unsatisfied dependency expressed through constructor parameter 0; nested exception is org.springframework.beans.factory.BeanCreationException: Error creating bean with name 'artistDTO' defined in com.example.swaghome.dto.ArtistDTO defined in @EnableMongoRepositories declared on MongoRepositoriesRegistrar.EnableMongoRepositoriesConfiguration: Cannot resolve reference to bean 'mongoTemplate' while setting bean property 'mongoOperations'; nested exception is org.springframework.beans.factory.UnsatisfiedDependencyException: Error creating bean with name 'mongoTemplate' defined in class path resource [org/springframework/boot/autoconfigure/data/mongo/MongoDatabaseFactoryDependentConfiguration.class]: Unsatisfied dependency expressed through method 'mongoTemplate' parameter 0; nested exception is org.springframework.beans.factory.BeanCreationException: Error creating bean with name 'mongoDatabaseFactory' defined in class path resource [org/springframework/boot/autoconfigure/data/mongo/MongoDatabaseFactoryConfiguration.class]: Bean instantiation via factory method failed; nested exception is org.springframework.beans.BeanInstantiationException: Failed to instantiate [org.springframework.data.mongodb.core.MongoDatabaseFactorySupport]: Factory method 'mongoDatabaseFactory' threw exception; nested exception is java.lang.IllegalArgumentException: Database name must not be empty!
2023-05-13 23:44:38.127-0400 [main]  WARN [swag-home,,] 2427 --- [z.r.AsyncReporter$BoundedAsyncReporter  ] : Timed out waiting for in-flight spans to send
2023-05-13 23:44:38.130-0400 [main]  INFO [swag-home,,] 2427 --- [o.apache.catalina.core.StandardService  ] : Stopping service [Tomcat]
2023-05-13 23:44:38.139-0400 [main]  WARN [swag-home,,] 2427 --- [o.a.c.loader.WebappClassLoaderBase      ] : The web application [ROOT] appears to have started a thread named [BufferPoolPruner-1-thread-1] but has failed to stop it. This is very likely to create a memory leak. Stack trace of thread:
 java.base/jdk.internal.misc.Unsafe.park(Native Method)
 java.base/java.util.concurrent.locks.LockSupport.parkNanos(LockSupport.java:269)
 java.base/java.util.concurrent.locks.AbstractQueuedSynchronizer$ConditionObject.awaitNanos(AbstractQueuedSynchronizer.java:1674)
 java.base/java.util.concurrent.ScheduledThreadPoolExecutor$DelayedWorkQueue.take(ScheduledThreadPoolExecutor.java:1182)
 java.base/java.util.concurrent.ScheduledThreadPoolExecutor$DelayedWorkQueue.take(ScheduledThreadPoolExecutor.java:899)
 java.base/java.util.concurrent.ThreadPoolExecutor.getTask(ThreadPoolExecutor.java:1070)
 java.base/java.util.concurrent.ThreadPoolExecutor.runWorker(ThreadPoolExecutor.java:1130)
 java.base/java.util.concurrent.ThreadPoolExecutor$Worker.run(ThreadPoolExecutor.java:642)
 java.base/java.lang.Thread.run(Thread.java:1589)
2023-05-13 23:44:38.161-0400 [main]  INFO [swag-home,,] 2427 --- [ConditionEvaluationReportLoggingListener] : 

Error starting ApplicationContext. To display the conditions report re-run your application with 'debug' enabled.
2023-05-13 23:44:38.202-0400 [main] ERROR [swag-home,,] 2427 --- [o.s.boot.SpringApplication              ] : Application run failed

org.springframework.beans.factory.UnsatisfiedDependencyException: Error creating bean with name 'homeAPI': Unsatisfied dependency expressed through method 'HomeAPI' parameter 0; nested exception is org.springframework.beans.factory.UnsatisfiedDependencyException: Error creating bean with name 'homeBL' defined in file [/home/juanca/Documents/UCB/Arquitectura/SWAG/swag-home/target/classes/com/example/swaghome/bl/HomeBL.class]: Unsatisfied dependency expressed through constructor parameter 0; nested exception is org.springframework.beans.factory.BeanCreationException: Error creating bean with name 'artistDTO' defined in com.example.swaghome.dto.ArtistDTO defined in @EnableMongoRepositories declared on MongoRepositoriesRegistrar.EnableMongoRepositoriesConfiguration: Cannot resolve reference to bean 'mongoTemplate' while setting bean property 'mongoOperations'; nested exception is org.springframework.beans.factory.UnsatisfiedDependencyException: Error creating bean with name 'mongoTemplate' defined in class path resource [org/springframework/boot/autoconfigure/data/mongo/MongoDatabaseFactoryDependentConfiguration.class]: Unsatisfied dependency expressed through method 'mongoTemplate' parameter 0; nested exception is org.springframework.beans.factory.BeanCreationException: Error creating bean with name 'mongoDatabaseFactory' defined in class path resource [org/springframework/boot/autoconfigure/data/mongo/MongoDatabaseFactoryConfiguration.class]: Bean instantiation via factory method failed; nested exception is org.springframework.beans.BeanInstantiationException: Failed to instantiate [org.springframework.data.mongodb.core.MongoDatabaseFactorySupport]: Factory method 'mongoDatabaseFactory' threw exception; nested exception is java.lang.IllegalArgumentException: Database name must not be empty!
	at org.springframework.beans.factory.annotation.AutowiredAnnotationBeanPostProcessor$AutowiredMethodElement.resolveMethodArguments(AutowiredAnnotationBeanPostProcessor.java:768)
	at org.springframework.beans.factory.annotation.AutowiredAnnotationBeanPostProcessor$AutowiredMethodElement.inject(AutowiredAnnotationBeanPostProcessor.java:720)
	at org.springframework.beans.factory.annotation.InjectionMetadata.inject(InjectionMetadata.java:119)
	at org.springframework.beans.factory.annotation.AutowiredAnnotationBeanPostProcessor.postProcessProperties(AutowiredAnnotationBeanPostProcessor.java:399)
	at org.springframework.beans.factory.support.AbstractAutowireCapableBeanFactory.populateBean(AbstractAutowireCapableBeanFactory.java:1431)
	at org.springframework.beans.factory.support.AbstractAutowireCapableBeanFactory.doCreateBean(AbstractAutowireCapableBeanFactory.java:619)
	at org.springframework.beans.factory.support.AbstractAutowireCapableBeanFactory.createBean(AbstractAutowireCapableBeanFactory.java:542)
	at org.springframework.beans.factory.support.AbstractBeanFactory.lambda$doGetBean$0(AbstractBeanFactory.java:335)
	at org.springframework.beans.factory.support.DefaultSingletonBeanRegistry.getSingleton(DefaultSingletonBeanRegistry.java:234)
	at org.springframework.beans.factory.support.AbstractBeanFactory.doGetBean(AbstractBeanFactory.java:333)
	at org.springframework.beans.factory.support.AbstractBeanFactory.getBean(AbstractBeanFactory.java:208)
	at org.springframework.beans.factory.support.DefaultListableBeanFactory.preInstantiateSingletons(DefaultListableBeanFactory.java:955)
	at org.springframework.context.support.AbstractApplicationContext.finishBeanFactoryInitialization(AbstractApplicationContext.java:920)
	at org.springframework.context.support.AbstractApplicationContext.refresh(AbstractApplicationContext.java:583)
	at org.springframework.boot.web.servlet.context.ServletWebServerApplicationContext.refresh(ServletWebServerApplicationContext.java:147)
	at org.springframework.boot.SpringApplication.refresh(SpringApplication.java:731)
	at org.springframework.boot.SpringApplication.refreshContext(SpringApplication.java:408)
	at org.springframework.boot.SpringApplication.run(SpringApplication.java:307)
	at org.springframework.boot.SpringApplication.run(SpringApplication.java:1303)
	at org.springframework.boot.SpringApplication.run(SpringApplication.java:1292)
	at com.example.swaghome.SwagHomeApplicationKt.main(SwagHomeApplication.kt:17)
Caused by: org.springframework.beans.factory.UnsatisfiedDependencyException: Error creating bean with name 'homeBL' defined in file [/home/juanca/Documents/UCB/Arquitectura/SWAG/swag-home/target/classes/com/example/swaghome/bl/HomeBL.class]: Unsatisfied dependency expressed through constructor parameter 0; nested exception is org.springframework.beans.factory.BeanCreationException: Error creating bean with name 'artistDTO' defined in com.example.swaghome.dto.ArtistDTO defined in @EnableMongoRepositories declared on MongoRepositoriesRegistrar.EnableMongoRepositoriesConfiguration: Cannot resolve reference to bean 'mongoTemplate' while setting bean property 'mongoOperations'; nested exception is org.springframework.beans.factory.UnsatisfiedDependencyException: Error creating bean with name 'mongoTemplate' defined in class path resource [org/springframework/boot/autoconfigure/data/mongo/MongoDatabaseFactoryDependentConfiguration.class]: Unsatisfied dependency expressed through method 'mongoTemplate' parameter 0; nested exception is org.springframework.beans.factory.BeanCreationException: Error creating bean with name 'mongoDatabaseFactory' defined in class path resource [org/springframework/boot/autoconfigure/data/mongo/MongoDatabaseFactoryConfiguration.class]: Bean instantiation via factory method failed; nested exception is org.springframework.beans.BeanInstantiationException: Failed to instantiate [org.springframework.data.mongodb.core.MongoDatabaseFactorySupport]: Factory method 'mongoDatabaseFactory' threw exception; nested exception is java.lang.IllegalArgumentException: Database name must not be empty!
	at org.springframework.beans.factory.support.ConstructorResolver.createArgumentArray(ConstructorResolver.java:800)
	at org.springframework.beans.factory.support.ConstructorResolver.autowireConstructor(ConstructorResolver.java:229)
	at org.springframework.beans.factory.support.AbstractAutowireCapableBeanFactory.autowireConstructor(AbstractAutowireCapableBeanFactory.java:1372)
	at org.springframework.beans.factory.support.AbstractAutowireCapableBeanFactory.createBeanInstance(AbstractAutowireCapableBeanFactory.java:1222)
	at org.springframework.beans.factory.support.AbstractAutowireCapableBeanFactory.doCreateBean(AbstractAutowireCapableBeanFactory.java:582)
	at org.springframework.beans.factory.support.AbstractAutowireCapableBeanFactory.createBean(AbstractAutowireCapableBeanFactory.java:542)
	at org.springframework.beans.factory.support.AbstractBeanFactory.lambda$doGetBean$0(AbstractBeanFactory.java:335)
	at org.springframework.beans.factory.support.DefaultSingletonBeanRegistry.getSingleton(DefaultSingletonBeanRegistry.java:234)
	at org.springframework.beans.factory.support.AbstractBeanFactory.doGetBean(AbstractBeanFactory.java:333)
	at org.springframework.beans.factory.support.AbstractBeanFactory.getBean(AbstractBeanFactory.java:208)
	at org.springframework.beans.factory.config.DependencyDescriptor.resolveCandidate(DependencyDescriptor.java:276)
	at org.springframework.beans.factory.support.DefaultListableBeanFactory.doResolveDependency(DefaultListableBeanFactory.java:1391)
	at org.springframework.beans.factory.support.DefaultListableBeanFactory.resolveDependency(DefaultListableBeanFactory.java:1311)
	at org.springframework.beans.factory.annotation.AutowiredAnnotationBeanPostProcessor$AutowiredMethodElement.resolveMethodArguments(AutowiredAnnotationBeanPostProcessor.java:760)
	... 20 common frames omitted
Caused by: org.springframework.beans.factory.BeanCreationException: Error creating bean with name 'artistDTO' defined in com.example.swaghome.dto.ArtistDTO defined in @EnableMongoRepositories declared on MongoRepositoriesRegistrar.EnableMongoRepositoriesConfiguration: Cannot resolve reference to bean 'mongoTemplate' while setting bean property 'mongoOperations'; nested exception is org.springframework.beans.factory.UnsatisfiedDependencyException: Error creating bean with name 'mongoTemplate' defined in class path resource [org/springframework/boot/autoconfigure/data/mongo/MongoDatabaseFactoryDependentConfiguration.class]: Unsatisfied dependency expressed through method 'mongoTemplate' parameter 0; nested exception is org.springframework.beans.factory.BeanCreationException: Error creating bean with name 'mongoDatabaseFactory' defined in class path resource [org/springframework/boot/autoconfigure/data/mongo/MongoDatabaseFactoryConfiguration.class]: Bean instantiation via factory method failed; nested exception is org.springframework.beans.BeanInstantiationException: Failed to instantiate [org.springframework.data.mongodb.core.MongoDatabaseFactorySupport]: Factory method 'mongoDatabaseFactory' threw exception; nested exception is java.lang.IllegalArgumentException: Database name must not be empty!
	at org.springframework.beans.factory.support.BeanDefinitionValueResolver.resolveReference(BeanDefinitionValueResolver.java:342)
	at org.springframework.beans.factory.support.BeanDefinitionValueResolver.resolveValueIfNecessary(BeanDefinitionValueResolver.java:113)
	at org.springframework.beans.factory.support.AbstractAutowireCapableBeanFactory.applyPropertyValues(AbstractAutowireCapableBeanFactory.java:1707)
	at org.springframework.beans.factory.support.AbstractAutowireCapableBeanFactory.populateBean(AbstractAutowireCapableBeanFactory.java:1452)
	at org.springframework.beans.factory.support.AbstractAutowireCapableBeanFactory.doCreateBean(AbstractAutowireCapableBeanFactory.java:619)
	at org.springframework.beans.factory.support.AbstractAutowireCapableBeanFactory.createBean(AbstractAutowireCapableBeanFactory.java:542)
	at org.springframework.beans.factory.support.AbstractBeanFactory.lambda$doGetBean$0(AbstractBeanFactory.java:335)
	at org.springframework.beans.factory.support.DefaultSingletonBeanRegistry.getSingleton(DefaultSingletonBeanRegistry.java:234)
	at org.springframework.beans.factory.support.AbstractBeanFactory.doGetBean(AbstractBeanFactory.java:333)
	at org.springframework.beans.factory.support.AbstractBeanFactory.getBean(AbstractBeanFactory.java:208)
	at org.springframework.beans.factory.config.DependencyDescriptor.resolveCandidate(DependencyDescriptor.java:276)
	at org.springframework.beans.factory.support.DefaultListableBeanFactory.doResolveDependency(DefaultListableBeanFactory.java:1391)
	at org.springframework.beans.factory.support.DefaultListableBeanFactory.resolveDependency(DefaultListableBeanFactory.java:1311)
	at org.springframework.beans.factory.support.ConstructorResolver.resolveAutowiredArgument(ConstructorResolver.java:887)
	at org.springframework.beans.factory.support.ConstructorResolver.createArgumentArray(ConstructorResolver.java:791)
	... 33 common frames omitted
Caused by: org.springframework.beans.factory.UnsatisfiedDependencyException: Error creating bean with name 'mongoTemplate' defined in class path resource [org/springframework/boot/autoconfigure/data/mongo/MongoDatabaseFactoryDependentConfiguration.class]: Unsatisfied dependency expressed through method 'mongoTemplate' parameter 0; nested exception is org.springframework.beans.factory.BeanCreationException: Error creating bean with name 'mongoDatabaseFactory' defined in class path resource [org/springframework/boot/autoconfigure/data/mongo/MongoDatabaseFactoryConfiguration.class]: Bean instantiation via factory method failed; nested exception is org.springframework.beans.BeanInstantiationException: Failed to instantiate [org.springframework.data.mongodb.core.MongoDatabaseFactorySupport]: Factory method 'mongoDatabaseFactory' threw exception; nested exception is java.lang.IllegalArgumentException: Database name must not be empty!
	at org.springframework.beans.factory.support.ConstructorResolver.createArgumentArray(ConstructorResolver.java:800)
	at org.springframework.beans.factory.support.ConstructorResolver.instantiateUsingFactoryMethod(ConstructorResolver.java:541)
	at org.springframework.beans.factory.support.AbstractAutowireCapableBeanFactory.instantiateUsingFactoryMethod(AbstractAutowireCapableBeanFactory.java:1352)
	at org.springframework.beans.factory.support.AbstractAutowireCapableBeanFactory.createBeanInstance(AbstractAutowireCapableBeanFactory.java:1195)
	at org.springframework.beans.factory.support.AbstractAutowireCapableBeanFactory.doCreateBean(AbstractAutowireCapableBeanFactory.java:582)
	at org.springframework.beans.factory.support.AbstractAutowireCapableBeanFactory.createBean(AbstractAutowireCapableBeanFactory.java:542)
	at org.springframework.beans.factory.support.AbstractBeanFactory.lambda$doGetBean$0(AbstractBeanFactory.java:335)
	at org.springframework.beans.factory.support.DefaultSingletonBeanRegistry.getSingleton(DefaultSingletonBeanRegistry.java:234)
	at org.springframework.beans.factory.support.AbstractBeanFactory.doGetBean(AbstractBeanFactory.java:333)
	at org.springframework.beans.factory.support.AbstractBeanFactory.getBean(AbstractBeanFactory.java:208)
	at org.springframework.beans.factory.support.BeanDefinitionValueResolver.resolveReference(BeanDefinitionValueResolver.java:330)
	... 47 common frames omitted
Caused by: org.springframework.beans.factory.BeanCreationException: Error creating bean with name 'mongoDatabaseFactory' defined in class path resource [org/springframework/boot/autoconfigure/data/mongo/MongoDatabaseFactoryConfiguration.class]: Bean instantiation via factory method failed; nested exception is org.springframework.beans.BeanInstantiationException: Failed to instantiate [org.springframework.data.mongodb.core.MongoDatabaseFactorySupport]: Factory method 'mongoDatabaseFactory' threw exception; nested exception is java.lang.IllegalArgumentException: Database name must not be empty!
	at org.springframework.beans.factory.support.ConstructorResolver.instantiate(ConstructorResolver.java:658)
	at org.springframework.beans.factory.support.ConstructorResolver.instantiateUsingFactoryMethod(ConstructorResolver.java:638)
	at org.springframework.beans.factory.support.AbstractAutowireCapableBeanFactory.instantiateUsingFactoryMethod(AbstractAutowireCapableBeanFactory.java:1352)
	at org.springframework.beans.factory.support.AbstractAutowireCapableBeanFactory.createBeanInstance(AbstractAutowireCapableBeanFactory.java:1195)
	at org.springframework.beans.factory.support.AbstractAutowireCapableBeanFactory.doCreateBean(AbstractAutowireCapableBeanFactory.java:582)
	at org.springframework.beans.factory.support.AbstractAutowireCapableBeanFactory.createBean(AbstractAutowireCapableBeanFactory.java:542)
	at org.springframework.beans.factory.support.AbstractBeanFactory.lambda$doGetBean$0(AbstractBeanFactory.java:335)
	at org.springframework.beans.factory.support.DefaultSingletonBeanRegistry.getSingleton(DefaultSingletonBeanRegistry.java:234)
	at org.springframework.beans.factory.support.AbstractBeanFactory.doGetBean(AbstractBeanFactory.java:333)
	at org.springframework.beans.factory.support.AbstractBeanFactory.getBean(AbstractBeanFactory.java:208)
	at org.springframework.beans.factory.config.DependencyDescriptor.resolveCandidate(DependencyDescriptor.java:276)
	at org.springframework.beans.factory.support.DefaultListableBeanFactory.doResolveDependency(DefaultListableBeanFactory.java:1391)
	at org.springframework.beans.factory.support.DefaultListableBeanFactory.resolveDependency(DefaultListableBeanFactory.java:1311)
	at org.springframework.beans.factory.support.ConstructorResolver.resolveAutowiredArgument(ConstructorResolver.java:887)
	at org.springframework.beans.factory.support.ConstructorResolver.createArgumentArray(ConstructorResolver.java:791)
	... 57 common frames omitted
Caused by: org.springframework.beans.BeanInstantiationException: Failed to instantiate [org.springframework.data.mongodb.core.MongoDatabaseFactorySupport]: Factory method 'mongoDatabaseFactory' threw exception; nested exception is java.lang.IllegalArgumentException: Database name must not be empty!
	at org.springframework.beans.factory.support.SimpleInstantiationStrategy.instantiate(SimpleInstantiationStrategy.java:185)
	at org.springframework.beans.factory.support.ConstructorResolver.instantiate(ConstructorResolver.java:653)
	... 71 common frames omitted
Caused by: java.lang.IllegalArgumentException: Database name must not be empty!
	at org.springframework.util.Assert.hasText(Assert.java:289)
	at org.springframework.data.mongodb.core.MongoDatabaseFactorySupport.<init>(MongoDatabaseFactorySupport.java:68)
	at org.springframework.data.mongodb.core.SimpleMongoClientDatabaseFactory.<init>(SimpleMongoClientDatabaseFactory.java:75)
	at org.springframework.data.mongodb.core.SimpleMongoClientDatabaseFactory.<init>(SimpleMongoClientDatabaseFactory.java:64)
	at org.springframework.boot.autoconfigure.data.mongo.MongoDatabaseFactoryConfiguration.mongoDatabaseFactory(MongoDatabaseFactoryConfiguration.java:43)
	at java.base/jdk.internal.reflect.DirectMethodHandleAccessor.invoke(DirectMethodHandleAccessor.java:104)
	at java.base/java.lang.reflect.Method.invoke(Method.java:578)
	at org.springframework.beans.factory.support.SimpleInstantiationStrategy.instantiate(SimpleInstantiationStrategy.java:154)
	... 72 common frames omitted

2023-05-13 23:44:38.204-0400 [Thread-3]  INFO [swag-home,,] 2427 --- [o.s.c.s.a.z.ZipkinAutoConfiguration     ] : Flushing remaining spans on shutdown
2023-05-13 23:49:57.619-0400 [main]  INFO [swag-home,,] 2577 --- [c.c.c.ConfigServicePropertySourceLocator] : Fetching config from server at : http://swag-config-server:8888
2023-05-13 23:49:57.767-0400 [main]  INFO [swag-home,,] 2577 --- [c.c.c.ConfigServicePropertySourceLocator] : Connect Timeout Exception on Url - http://swag-config-server:8888. Will be trying the next url if available
2023-05-13 23:49:57.767-0400 [main]  WARN [swag-home,,] 2577 --- [c.c.c.ConfigServicePropertySourceLocator] : Could not locate PropertySource: I/O error on GET request for "http://swag-config-server:8888/swag-home/test": swag-config-server; nested exception is java.net.UnknownHostException: swag-config-server
2023-05-13 23:49:57.771-0400 [main]  INFO [swag-home,,] 2577 --- [c.e.swaghome.SwagHomeApplicationKt      ] : The following 1 profile is active: "test"
2023-05-13 23:49:59.026-0400 [main]  INFO [swag-home,,] 2577 --- [.s.d.r.c.RepositoryConfigurationDelegate] : Bootstrapping Spring Data MongoDB repositories in DEFAULT mode.
2023-05-13 23:49:59.187-0400 [main]  INFO [swag-home,,] 2577 --- [.s.d.r.c.RepositoryConfigurationDelegate] : Finished Spring Data repository scanning in 155 ms. Found 1 MongoDB repository interfaces.
2023-05-13 23:49:59.561-0400 [main]  INFO [swag-home,,] 2577 --- [o.s.cloud.context.scope.GenericScope    ] : BeanFactory id=dd431cc6-5545-3e92-898c-e72ff8c629f6
2023-05-13 23:50:00.397-0400 [main]  INFO [swag-home,,] 2577 --- [o.s.b.w.embedded.tomcat.TomcatWebServer ] : Tomcat initialized with port(s): 8038 (http)
2023-05-13 23:50:00.414-0400 [main]  INFO [swag-home,,] 2577 --- [o.apache.catalina.core.StandardService  ] : Starting service [Tomcat]
2023-05-13 23:50:00.414-0400 [main]  INFO [swag-home,,] 2577 --- [org.apache.catalina.core.StandardEngine ] : Starting Servlet engine: [Apache Tomcat/9.0.74]
2023-05-13 23:50:00.649-0400 [main]  INFO [swag-home,,] 2577 --- [o.a.c.c.C.[Tomcat].[localhost].[/]      ] : Initializing Spring embedded WebApplicationContext
2023-05-13 23:50:00.649-0400 [main]  INFO [swag-home,,] 2577 --- [w.s.c.ServletWebServerApplicationContext] : Root WebApplicationContext: initialization completed in 2845 ms
2023-05-13 23:50:02.142-0400 [main]  INFO [swag-home,,] 2577 --- [org.mongodb.driver.client               ] : MongoClient with metadata {"driver": {"name": "mongo-java-driver|sync|spring-boot", "version": "4.6.1"}, "os": {"type": "Linux", "name": "Linux", "architecture": "amd64", "version": "6.1.26-1-MANJARO"}, "platform": "Java/Oracle Corporation/19.0.2+7-44"} created with settings MongoClientSettings{readPreference=primary, writeConcern=WriteConcern{w=majority, wTimeout=null ms, journal=null}, retryWrites=true, retryReads=true, readConcern=ReadConcern{level=null}, credential=MongoCredential{mechanism=null, userName='JuancaJcA', source='admin', password=<hidden>, mechanismProperties=<hidden>}, streamFactoryFactory=null, commandListeners=[io.micrometer.core.instrument.binder.mongodb.MongoMetricsCommandListener@25110bb9, org.springframework.cloud.sleuth.instrument.mongodb.TraceMongoCommandListener@dbda472], codecRegistry=ProvidersCodecRegistry{codecProviders=[ValueCodecProvider{}, BsonValueCodecProvider{}, DBRefCodecProvider{}, DBObjectCodecProvider{}, DocumentCodecProvider{}, IterableCodecProvider{}, MapCodecProvider{}, GeoJsonCodecProvider{}, GridFSFileCodecProvider{}, Jsr310CodecProvider{}, JsonObjectCodecProvider{}, BsonCodecProvider{}, EnumCodecProvider{}, com.mongodb.Jep395RecordCodecProvider@41492479]}, clusterSettings={hosts=[127.0.0.1:27017], srvHost=labooncluster.ptkenzc.mongodb.net, srvServiceName=mongodb, mode=MULTIPLE, requiredClusterType=REPLICA_SET, requiredReplicaSetName='atlas-skb8x2-shard-0', serverSelector='null', clusterListeners='[]', serverSelectionTimeout='30000 ms', localThreshold='30000 ms'}, socketSettings=SocketSettings{connectTimeoutMS=10000, readTimeoutMS=0, receiveBufferSize=0, sendBufferSize=0}, heartbeatSocketSettings=SocketSettings{connectTimeoutMS=10000, readTimeoutMS=10000, receiveBufferSize=0, sendBufferSize=0}, connectionPoolSettings=ConnectionPoolSettings{maxSize=100, minSize=0, maxWaitTimeMS=120000, maxConnectionLifeTimeMS=0, maxConnectionIdleTimeMS=0, maintenanceInitialDelayMS=0, maintenanceFrequencyMS=60000, connectionPoolListeners=[io.micrometer.core.instrument.binder.mongodb.MongoMetricsConnectionPoolListener@7bef7505], maxConnecting=2}, serverSettings=ServerSettings{heartbeatFrequencyMS=10000, minHeartbeatFrequencyMS=500, serverListeners='[]', serverMonitorListeners='[]'}, sslSettings=SslSettings{enabled=true, invalidHostNameAllowed=false, context=null}, applicationName='null', compressorList=[], uuidRepresentation=JAVA_LEGACY, serverApi=null, autoEncryptionSettings=null, contextProvider=org.springframework.cloud.sleuth.instrument.mongodb.TraceSynchronousMongoClientSettingsBuilderCustomizer$$Lambda$948/0x0000000801674430@568ef502}
2023-05-13 23:50:02.153-0400 [cluster-ClusterId{value='64605a6a40f9af748d55aa63', description='null'}-srv-labooncluster.ptkenzc.mongodb.net]  INFO [swag-home,,] 2577 --- [org.mongodb.driver.cluster              ] : Adding discovered server ac-wu6hl9z-shard-00-02.ptkenzc.mongodb.net:27017 to client view of cluster
2023-05-13 23:50:02.205-0400 [cluster-ClusterId{value='64605a6a40f9af748d55aa63', description='null'}-srv-labooncluster.ptkenzc.mongodb.net]  INFO [swag-home,,] 2577 --- [org.mongodb.driver.cluster              ] : Adding discovered server ac-wu6hl9z-shard-00-01.ptkenzc.mongodb.net:27017 to client view of cluster
2023-05-13 23:50:02.209-0400 [cluster-ClusterId{value='64605a6a40f9af748d55aa63', description='null'}-srv-labooncluster.ptkenzc.mongodb.net]  INFO [swag-home,,] 2577 --- [org.mongodb.driver.cluster              ] : Adding discovered server ac-wu6hl9z-shard-00-00.ptkenzc.mongodb.net:27017 to client view of cluster
2023-05-13 23:50:02.315-0400 [main]  WARN [swag-home,,] 2577 --- [o.s.data.convert.CustomConversions      ] : Registering converter from class java.time.LocalDateTime to class org.joda.time.LocalDateTime as reading converter although it doesn't convert from a store-supported type; You might want to check your annotation setup at the converter implementation
2023-05-13 23:50:02.590-0400 [main]  WARN [swag-home,,] 2577 --- [o.s.data.convert.CustomConversions      ] : Registering converter from class java.time.LocalDateTime to class org.joda.time.LocalDateTime as reading converter although it doesn't convert from a store-supported type; You might want to check your annotation setup at the converter implementation
2023-05-13 23:50:03.155-0400 [cluster-ClusterId{value='64605a6a40f9af748d55aa63', description='null'}-ac-wu6hl9z-shard-00-02.ptkenzc.mongodb.net:27017]  INFO [swag-home,,] 2577 --- [org.mongodb.driver.connection           ] : Opened connection [connectionId{localValue:3, serverValue:85380}] to ac-wu6hl9z-shard-00-02.ptkenzc.mongodb.net:27017
2023-05-13 23:50:03.155-0400 [cluster-ClusterId{value='64605a6a40f9af748d55aa63', description='null'}-ac-wu6hl9z-shard-00-01.ptkenzc.mongodb.net:27017]  INFO [swag-home,,] 2577 --- [org.mongodb.driver.connection           ] : Opened connection [connectionId{localValue:2, serverValue:88825}] to ac-wu6hl9z-shard-00-01.ptkenzc.mongodb.net:27017
2023-05-13 23:50:03.156-0400 [cluster-ClusterId{value='64605a6a40f9af748d55aa63', description='null'}-ac-wu6hl9z-shard-00-02.ptkenzc.mongodb.net:27017]  INFO [swag-home,,] 2577 --- [org.mongodb.driver.cluster              ] : Monitor thread successfully connected to server with description ServerDescription{address=ac-wu6hl9z-shard-00-02.ptkenzc.mongodb.net:27017, type=REPLICA_SET_SECONDARY, state=CONNECTED, ok=true, minWireVersion=0, maxWireVersion=17, maxDocumentSize=16777216, logicalSessionTimeoutMinutes=30, roundTripTimeNanos=509690862, setName='atlas-skb8x2-shard-0', canonicalAddress=ac-wu6hl9z-shard-00-02.ptkenzc.mongodb.net:27017, hosts=[ac-wu6hl9z-shard-00-00.ptkenzc.mongodb.net:27017, ac-wu6hl9z-shard-00-01.ptkenzc.mongodb.net:27017, ac-wu6hl9z-shard-00-02.ptkenzc.mongodb.net:27017], passives=[], arbiters=[], primary='ac-wu6hl9z-shard-00-01.ptkenzc.mongodb.net:27017', tagSet=TagSet{[Tag{name='nodeType', value='ELECTABLE'}, Tag{name='provider', value='AWS'}, Tag{name='region', value='SA_EAST_1'}, Tag{name='workloadType', value='OPERATIONAL'}]}, electionId=null, setVersion=1, topologyVersion=TopologyVersion{processId=645a81e755e57121b4fff4a6, counter=3}, lastWriteDate=Sat May 13 23:50:02 BOT 2023, lastUpdateTimeNanos=5427478969777}
2023-05-13 23:50:03.156-0400 [cluster-ClusterId{value='64605a6a40f9af748d55aa63', description='null'}-ac-wu6hl9z-shard-00-01.ptkenzc.mongodb.net:27017]  INFO [swag-home,,] 2577 --- [org.mongodb.driver.cluster              ] : Monitor thread successfully connected to server with description ServerDescription{address=ac-wu6hl9z-shard-00-01.ptkenzc.mongodb.net:27017, type=REPLICA_SET_PRIMARY, state=CONNECTED, ok=true, minWireVersion=0, maxWireVersion=17, maxDocumentSize=16777216, logicalSessionTimeoutMinutes=30, roundTripTimeNanos=505927386, setName='atlas-skb8x2-shard-0', canonicalAddress=ac-wu6hl9z-shard-00-01.ptkenzc.mongodb.net:27017, hosts=[ac-wu6hl9z-shard-00-00.ptkenzc.mongodb.net:27017, ac-wu6hl9z-shard-00-01.ptkenzc.mongodb.net:27017, ac-wu6hl9z-shard-00-02.ptkenzc.mongodb.net:27017], passives=[], arbiters=[], primary='ac-wu6hl9z-shard-00-01.ptkenzc.mongodb.net:27017', tagSet=TagSet{[Tag{name='nodeType', value='ELECTABLE'}, Tag{name='provider', value='AWS'}, Tag{name='region', value='SA_EAST_1'}, Tag{name='workloadType', value='OPERATIONAL'}]}, electionId=7fffffff0000000000000020, setVersion=1, topologyVersion=TopologyVersion{processId=645a80721535220e13a1d7ff, counter=6}, lastWriteDate=Sat May 13 23:50:02 BOT 2023, lastUpdateTimeNanos=5427475788018}
2023-05-13 23:50:03.157-0400 [cluster-rtt-ClusterId{value='64605a6a40f9af748d55aa63', description='null'}-ac-wu6hl9z-shard-00-00.ptkenzc.mongodb.net:27017]  INFO [swag-home,,] 2577 --- [org.mongodb.driver.connection           ] : Opened connection [connectionId{localValue:5, serverValue:89389}] to ac-wu6hl9z-shard-00-00.ptkenzc.mongodb.net:27017
2023-05-13 23:50:03.157-0400 [cluster-rtt-ClusterId{value='64605a6a40f9af748d55aa63', description='null'}-ac-wu6hl9z-shard-00-01.ptkenzc.mongodb.net:27017]  INFO [swag-home,,] 2577 --- [org.mongodb.driver.connection           ] : Opened connection [connectionId{localValue:4, serverValue:88825}] to ac-wu6hl9z-shard-00-01.ptkenzc.mongodb.net:27017
2023-05-13 23:50:03.158-0400 [cluster-ClusterId{value='64605a6a40f9af748d55aa63', description='null'}-ac-wu6hl9z-shard-00-00.ptkenzc.mongodb.net:27017]  INFO [swag-home,,] 2577 --- [org.mongodb.driver.connection           ] : Opened connection [connectionId{localValue:6, serverValue:89389}] to ac-wu6hl9z-shard-00-00.ptkenzc.mongodb.net:27017
2023-05-13 23:50:03.159-0400 [cluster-ClusterId{value='64605a6a40f9af748d55aa63', description='null'}-ac-wu6hl9z-shard-00-00.ptkenzc.mongodb.net:27017]  INFO [swag-home,,] 2577 --- [org.mongodb.driver.cluster              ] : Monitor thread successfully connected to server with description ServerDescription{address=ac-wu6hl9z-shard-00-00.ptkenzc.mongodb.net:27017, type=REPLICA_SET_SECONDARY, state=CONNECTED, ok=true, minWireVersion=0, maxWireVersion=17, maxDocumentSize=16777216, logicalSessionTimeoutMinutes=30, roundTripTimeNanos=515477958, setName='atlas-skb8x2-shard-0', canonicalAddress=ac-wu6hl9z-shard-00-00.ptkenzc.mongodb.net:27017, hosts=[ac-wu6hl9z-shard-00-00.ptkenzc.mongodb.net:27017, ac-wu6hl9z-shard-00-01.ptkenzc.mongodb.net:27017, ac-wu6hl9z-shard-00-02.ptkenzc.mongodb.net:27017], passives=[], arbiters=[], primary='ac-wu6hl9z-shard-00-01.ptkenzc.mongodb.net:27017', tagSet=TagSet{[Tag{name='nodeType', value='ELECTABLE'}, Tag{name='provider', value='AWS'}, Tag{name='region', value='SA_EAST_1'}, Tag{name='workloadType', value='OPERATIONAL'}]}, electionId=null, setVersion=1, topologyVersion=TopologyVersion{processId=645a7f66ff6b3900fba6c960, counter=4}, lastWriteDate=Sat May 13 23:50:02 BOT 2023, lastUpdateTimeNanos=5427481757214}
2023-05-13 23:50:03.164-0400 [cluster-ClusterId{value='64605a6a40f9af748d55aa63', description='null'}-ac-wu6hl9z-shard-00-01.ptkenzc.mongodb.net:27017]  INFO [swag-home,,] 2577 --- [org.mongodb.driver.cluster              ] : Setting max election id to 7fffffff0000000000000020 from replica set primary ac-wu6hl9z-shard-00-01.ptkenzc.mongodb.net:27017
2023-05-13 23:50:03.166-0400 [cluster-rtt-ClusterId{value='64605a6a40f9af748d55aa63', description='null'}-ac-wu6hl9z-shard-00-02.ptkenzc.mongodb.net:27017]  INFO [swag-home,,] 2577 --- [org.mongodb.driver.connection           ] : Opened connection [connectionId{localValue:1, serverValue:85379}] to ac-wu6hl9z-shard-00-02.ptkenzc.mongodb.net:27017
2023-05-13 23:50:03.172-0400 [cluster-ClusterId{value='64605a6a40f9af748d55aa63', description='null'}-ac-wu6hl9z-shard-00-01.ptkenzc.mongodb.net:27017]  INFO [swag-home,,] 2577 --- [org.mongodb.driver.cluster              ] : Setting max set version to 1 from replica set primary ac-wu6hl9z-shard-00-01.ptkenzc.mongodb.net:27017
2023-05-13 23:50:03.173-0400 [cluster-ClusterId{value='64605a6a40f9af748d55aa63', description='null'}-ac-wu6hl9z-shard-00-01.ptkenzc.mongodb.net:27017]  INFO [swag-home,,] 2577 --- [org.mongodb.driver.cluster              ] : Discovered replica set primary ac-wu6hl9z-shard-00-01.ptkenzc.mongodb.net:27017
2023-05-13 23:50:03.898-0400 [main]  WARN [swag-home,,] 2577 --- [ConfigServletWebServerApplicationContext] : Exception encountered during context initialization - cancelling refresh attempt: org.springframework.beans.factory.UnsatisfiedDependencyException: Error creating bean with name 'homeAPI': Unsatisfied dependency expressed through method 'HomeAPI' parameter 0; nested exception is org.springframework.beans.factory.UnsatisfiedDependencyException: Error creating bean with name 'homeBL' defined in file [/home/juanca/Documents/UCB/Arquitectura/SWAG/swag-home/target/classes/com/example/swaghome/bl/HomeBL.class]: Unsatisfied dependency expressed through constructor parameter 0; nested exception is org.springframework.beans.factory.BeanCreationException: Error creating bean with name 'artistDTO' defined in com.example.swaghome.dto.ArtistDTO defined in @EnableMongoRepositories declared on MongoRepositoriesRegistrar.EnableMongoRepositoriesConfiguration: Invocation of init method failed; nested exception is org.springframework.data.repository.query.QueryCreationException: Could not create query for public abstract com.example.swaghome.dao.Artist com.example.swaghome.dto.ArtistDTO.findByArtistId(java.lang.String); Reason: No property 'artistId' found for type 'Artist'; nested exception is org.springframework.data.mapping.PropertyReferenceException: No property 'artistId' found for type 'Artist'
2023-05-13 23:50:05.312-0400 [main]  WARN [swag-home,,] 2577 --- [z.r.AsyncReporter$BoundedAsyncReporter  ] : Timed out waiting for in-flight spans to send
2023-05-13 23:50:05.315-0400 [main]  INFO [swag-home,,] 2577 --- [o.apache.catalina.core.StandardService  ] : Stopping service [Tomcat]
2023-05-13 23:50:05.326-0400 [main]  WARN [swag-home,,] 2577 --- [o.a.c.loader.WebappClassLoaderBase      ] : The web application [ROOT] appears to have started a thread named [BufferPoolPruner-1-thread-1] but has failed to stop it. This is very likely to create a memory leak. Stack trace of thread:
 java.base/jdk.internal.misc.Unsafe.park(Native Method)
 java.base/java.util.concurrent.locks.LockSupport.parkNanos(LockSupport.java:269)
 java.base/java.util.concurrent.locks.AbstractQueuedSynchronizer$ConditionObject.awaitNanos(AbstractQueuedSynchronizer.java:1674)
 java.base/java.util.concurrent.ScheduledThreadPoolExecutor$DelayedWorkQueue.take(ScheduledThreadPoolExecutor.java:1182)
 java.base/java.util.concurrent.ScheduledThreadPoolExecutor$DelayedWorkQueue.take(ScheduledThreadPoolExecutor.java:899)
 java.base/java.util.concurrent.ThreadPoolExecutor.getTask(ThreadPoolExecutor.java:1070)
 java.base/java.util.concurrent.ThreadPoolExecutor.runWorker(ThreadPoolExecutor.java:1130)
 java.base/java.util.concurrent.ThreadPoolExecutor$Worker.run(ThreadPoolExecutor.java:642)
 java.base/java.lang.Thread.run(Thread.java:1589)
2023-05-13 23:50:05.349-0400 [main]  INFO [swag-home,,] 2577 --- [ConditionEvaluationReportLoggingListener] : 

Error starting ApplicationContext. To display the conditions report re-run your application with 'debug' enabled.
2023-05-13 23:50:05.377-0400 [main] ERROR [swag-home,,] 2577 --- [o.s.boot.SpringApplication              ] : Application run failed

org.springframework.beans.factory.UnsatisfiedDependencyException: Error creating bean with name 'homeAPI': Unsatisfied dependency expressed through method 'HomeAPI' parameter 0; nested exception is org.springframework.beans.factory.UnsatisfiedDependencyException: Error creating bean with name 'homeBL' defined in file [/home/juanca/Documents/UCB/Arquitectura/SWAG/swag-home/target/classes/com/example/swaghome/bl/HomeBL.class]: Unsatisfied dependency expressed through constructor parameter 0; nested exception is org.springframework.beans.factory.BeanCreationException: Error creating bean with name 'artistDTO' defined in com.example.swaghome.dto.ArtistDTO defined in @EnableMongoRepositories declared on MongoRepositoriesRegistrar.EnableMongoRepositoriesConfiguration: Invocation of init method failed; nested exception is org.springframework.data.repository.query.QueryCreationException: Could not create query for public abstract com.example.swaghome.dao.Artist com.example.swaghome.dto.ArtistDTO.findByArtistId(java.lang.String); Reason: No property 'artistId' found for type 'Artist'; nested exception is org.springframework.data.mapping.PropertyReferenceException: No property 'artistId' found for type 'Artist'
	at org.springframework.beans.factory.annotation.AutowiredAnnotationBeanPostProcessor$AutowiredMethodElement.resolveMethodArguments(AutowiredAnnotationBeanPostProcessor.java:768)
	at org.springframework.beans.factory.annotation.AutowiredAnnotationBeanPostProcessor$AutowiredMethodElement.inject(AutowiredAnnotationBeanPostProcessor.java:720)
	at org.springframework.beans.factory.annotation.InjectionMetadata.inject(InjectionMetadata.java:119)
	at org.springframework.beans.factory.annotation.AutowiredAnnotationBeanPostProcessor.postProcessProperties(AutowiredAnnotationBeanPostProcessor.java:399)
	at org.springframework.beans.factory.support.AbstractAutowireCapableBeanFactory.populateBean(AbstractAutowireCapableBeanFactory.java:1431)
	at org.springframework.beans.factory.support.AbstractAutowireCapableBeanFactory.doCreateBean(AbstractAutowireCapableBeanFactory.java:619)
	at org.springframework.beans.factory.support.AbstractAutowireCapableBeanFactory.createBean(AbstractAutowireCapableBeanFactory.java:542)
	at org.springframework.beans.factory.support.AbstractBeanFactory.lambda$doGetBean$0(AbstractBeanFactory.java:335)
	at org.springframework.beans.factory.support.DefaultSingletonBeanRegistry.getSingleton(DefaultSingletonBeanRegistry.java:234)
	at org.springframework.beans.factory.support.AbstractBeanFactory.doGetBean(AbstractBeanFactory.java:333)
	at org.springframework.beans.factory.support.AbstractBeanFactory.getBean(AbstractBeanFactory.java:208)
	at org.springframework.beans.factory.support.DefaultListableBeanFactory.preInstantiateSingletons(DefaultListableBeanFactory.java:955)
	at org.springframework.context.support.AbstractApplicationContext.finishBeanFactoryInitialization(AbstractApplicationContext.java:920)
	at org.springframework.context.support.AbstractApplicationContext.refresh(AbstractApplicationContext.java:583)
	at org.springframework.boot.web.servlet.context.ServletWebServerApplicationContext.refresh(ServletWebServerApplicationContext.java:147)
	at org.springframework.boot.SpringApplication.refresh(SpringApplication.java:731)
	at org.springframework.boot.SpringApplication.refreshContext(SpringApplication.java:408)
	at org.springframework.boot.SpringApplication.run(SpringApplication.java:307)
	at org.springframework.boot.SpringApplication.run(SpringApplication.java:1303)
	at org.springframework.boot.SpringApplication.run(SpringApplication.java:1292)
	at com.example.swaghome.SwagHomeApplicationKt.main(SwagHomeApplication.kt:17)
Caused by: org.springframework.beans.factory.UnsatisfiedDependencyException: Error creating bean with name 'homeBL' defined in file [/home/juanca/Documents/UCB/Arquitectura/SWAG/swag-home/target/classes/com/example/swaghome/bl/HomeBL.class]: Unsatisfied dependency expressed through constructor parameter 0; nested exception is org.springframework.beans.factory.BeanCreationException: Error creating bean with name 'artistDTO' defined in com.example.swaghome.dto.ArtistDTO defined in @EnableMongoRepositories declared on MongoRepositoriesRegistrar.EnableMongoRepositoriesConfiguration: Invocation of init method failed; nested exception is org.springframework.data.repository.query.QueryCreationException: Could not create query for public abstract com.example.swaghome.dao.Artist com.example.swaghome.dto.ArtistDTO.findByArtistId(java.lang.String); Reason: No property 'artistId' found for type 'Artist'; nested exception is org.springframework.data.mapping.PropertyReferenceException: No property 'artistId' found for type 'Artist'
	at org.springframework.beans.factory.support.ConstructorResolver.createArgumentArray(ConstructorResolver.java:800)
	at org.springframework.beans.factory.support.ConstructorResolver.autowireConstructor(ConstructorResolver.java:229)
	at org.springframework.beans.factory.support.AbstractAutowireCapableBeanFactory.autowireConstructor(AbstractAutowireCapableBeanFactory.java:1372)
	at org.springframework.beans.factory.support.AbstractAutowireCapableBeanFactory.createBeanInstance(AbstractAutowireCapableBeanFactory.java:1222)
	at org.springframework.beans.factory.support.AbstractAutowireCapableBeanFactory.doCreateBean(AbstractAutowireCapableBeanFactory.java:582)
	at org.springframework.beans.factory.support.AbstractAutowireCapableBeanFactory.createBean(AbstractAutowireCapableBeanFactory.java:542)
	at org.springframework.beans.factory.support.AbstractBeanFactory.lambda$doGetBean$0(AbstractBeanFactory.java:335)
	at org.springframework.beans.factory.support.DefaultSingletonBeanRegistry.getSingleton(DefaultSingletonBeanRegistry.java:234)
	at org.springframework.beans.factory.support.AbstractBeanFactory.doGetBean(AbstractBeanFactory.java:333)
	at org.springframework.beans.factory.support.AbstractBeanFactory.getBean(AbstractBeanFactory.java:208)
	at org.springframework.beans.factory.config.DependencyDescriptor.resolveCandidate(DependencyDescriptor.java:276)
	at org.springframework.beans.factory.support.DefaultListableBeanFactory.doResolveDependency(DefaultListableBeanFactory.java:1391)
	at org.springframework.beans.factory.support.DefaultListableBeanFactory.resolveDependency(DefaultListableBeanFactory.java:1311)
	at org.springframework.beans.factory.annotation.AutowiredAnnotationBeanPostProcessor$AutowiredMethodElement.resolveMethodArguments(AutowiredAnnotationBeanPostProcessor.java:760)
	... 20 common frames omitted
Caused by: org.springframework.beans.factory.BeanCreationException: Error creating bean with name 'artistDTO' defined in com.example.swaghome.dto.ArtistDTO defined in @EnableMongoRepositories declared on MongoRepositoriesRegistrar.EnableMongoRepositoriesConfiguration: Invocation of init method failed; nested exception is org.springframework.data.repository.query.QueryCreationException: Could not create query for public abstract com.example.swaghome.dao.Artist com.example.swaghome.dto.ArtistDTO.findByArtistId(java.lang.String); Reason: No property 'artistId' found for type 'Artist'; nested exception is org.springframework.data.mapping.PropertyReferenceException: No property 'artistId' found for type 'Artist'
	at org.springframework.beans.factory.support.AbstractAutowireCapableBeanFactory.initializeBean(AbstractAutowireCapableBeanFactory.java:1804)
	at org.springframework.beans.factory.support.AbstractAutowireCapableBeanFactory.doCreateBean(AbstractAutowireCapableBeanFactory.java:620)
	at org.springframework.beans.factory.support.AbstractAutowireCapableBeanFactory.createBean(AbstractAutowireCapableBeanFactory.java:542)
	at org.springframework.beans.factory.support.AbstractBeanFactory.lambda$doGetBean$0(AbstractBeanFactory.java:335)
	at org.springframework.beans.factory.support.DefaultSingletonBeanRegistry.getSingleton(DefaultSingletonBeanRegistry.java:234)
	at org.springframework.beans.factory.support.AbstractBeanFactory.doGetBean(AbstractBeanFactory.java:333)
	at org.springframework.beans.factory.support.AbstractBeanFactory.getBean(AbstractBeanFactory.java:208)
	at org.springframework.beans.factory.config.DependencyDescriptor.resolveCandidate(DependencyDescriptor.java:276)
	at org.springframework.beans.factory.support.DefaultListableBeanFactory.doResolveDependency(DefaultListableBeanFactory.java:1391)
	at org.springframework.beans.factory.support.DefaultListableBeanFactory.resolveDependency(DefaultListableBeanFactory.java:1311)
	at org.springframework.beans.factory.support.ConstructorResolver.resolveAutowiredArgument(ConstructorResolver.java:887)
	at org.springframework.beans.factory.support.ConstructorResolver.createArgumentArray(ConstructorResolver.java:791)
	... 33 common frames omitted
Caused by: org.springframework.data.repository.query.QueryCreationException: Could not create query for public abstract com.example.swaghome.dao.Artist com.example.swaghome.dto.ArtistDTO.findByArtistId(java.lang.String); Reason: No property 'artistId' found for type 'Artist'; nested exception is org.springframework.data.mapping.PropertyReferenceException: No property 'artistId' found for type 'Artist'
	at org.springframework.data.repository.query.QueryCreationException.create(QueryCreationException.java:101)
	at org.springframework.data.repository.core.support.QueryExecutorMethodInterceptor.lookupQuery(QueryExecutorMethodInterceptor.java:107)
	at org.springframework.data.repository.core.support.QueryExecutorMethodInterceptor.lambda$mapMethodsToQuery$1(QueryExecutorMethodInterceptor.java:95)
	at java.base/java.util.stream.ReferencePipeline$3$1.accept(ReferencePipeline.java:197)
	at java.base/java.util.Iterator.forEachRemaining(Iterator.java:133)
	at java.base/java.util.Collections$UnmodifiableCollection$1.forEachRemaining(Collections.java:1061)
	at java.base/java.util.Spliterators$IteratorSpliterator.forEachRemaining(Spliterators.java:1921)
	at java.base/java.util.stream.AbstractPipeline.copyInto(AbstractPipeline.java:509)
	at java.base/java.util.stream.AbstractPipeline.wrapAndCopyInto(AbstractPipeline.java:499)
	at java.base/java.util.stream.ReduceOps$ReduceOp.evaluateSequential(ReduceOps.java:921)
	at java.base/java.util.stream.AbstractPipeline.evaluate(AbstractPipeline.java:234)
	at java.base/java.util.stream.ReferencePipeline.collect(ReferencePipeline.java:682)
	at org.springframework.data.repository.core.support.QueryExecutorMethodInterceptor.mapMethodsToQuery(QueryExecutorMethodInterceptor.java:97)
	at org.springframework.data.repository.core.support.QueryExecutorMethodInterceptor.lambda$new$0(QueryExecutorMethodInterceptor.java:87)
	at java.base/java.util.Optional.map(Optional.java:260)
	at org.springframework.data.repository.core.support.QueryExecutorMethodInterceptor.<init>(QueryExecutorMethodInterceptor.java:87)
	at org.springframework.data.repository.core.support.RepositoryFactorySupport.getRepository(RepositoryFactorySupport.java:365)
	at org.springframework.data.repository.core.support.RepositoryFactoryBeanSupport.lambda$afterPropertiesSet$5(RepositoryFactoryBeanSupport.java:323)
	at org.springframework.data.util.Lazy.getNullable(Lazy.java:231)
	at org.springframework.data.util.Lazy.get(Lazy.java:115)
	at org.springframework.data.repository.core.support.RepositoryFactoryBeanSupport.afterPropertiesSet(RepositoryFactoryBeanSupport.java:329)
	at org.springframework.data.mongodb.repository.support.MongoRepositoryFactoryBean.afterPropertiesSet(MongoRepositoryFactoryBean.java:119)
	at org.springframework.beans.factory.support.AbstractAutowireCapableBeanFactory.invokeInitMethods(AbstractAutowireCapableBeanFactory.java:1863)
	at org.springframework.beans.factory.support.AbstractAutowireCapableBeanFactory.initializeBean(AbstractAutowireCapableBeanFactory.java:1800)
	... 44 common frames omitted
Caused by: org.springframework.data.mapping.PropertyReferenceException: No property 'artistId' found for type 'Artist'
	at org.springframework.data.mapping.PropertyPath.<init>(PropertyPath.java:91)
	at org.springframework.data.mapping.PropertyPath.create(PropertyPath.java:438)
	at org.springframework.data.mapping.PropertyPath.create(PropertyPath.java:414)
	at org.springframework.data.mapping.PropertyPath.lambda$from$0(PropertyPath.java:367)
	at java.base/java.util.concurrent.ConcurrentMap.computeIfAbsent(ConcurrentMap.java:330)
	at org.springframework.data.mapping.PropertyPath.from(PropertyPath.java:349)
	at org.springframework.data.mapping.PropertyPath.from(PropertyPath.java:332)
	at org.springframework.data.repository.query.parser.Part.<init>(Part.java:81)
	at org.springframework.data.repository.query.parser.PartTree$OrPart.lambda$new$0(PartTree.java:250)
	at java.base/java.util.stream.ReferencePipeline$3$1.accept(ReferencePipeline.java:197)
	at java.base/java.util.stream.ReferencePipeline$2$1.accept(ReferencePipeline.java:179)
	at java.base/java.util.Spliterators$ArraySpliterator.forEachRemaining(Spliterators.java:1006)
	at java.base/java.util.stream.AbstractPipeline.copyInto(AbstractPipeline.java:509)
	at java.base/java.util.stream.AbstractPipeline.wrapAndCopyInto(AbstractPipeline.java:499)
	at java.base/java.util.stream.ReduceOps$ReduceOp.evaluateSequential(ReduceOps.java:921)
	at java.base/java.util.stream.AbstractPipeline.evaluate(AbstractPipeline.java:234)
	at java.base/java.util.stream.ReferencePipeline.collect(ReferencePipeline.java:682)
	at org.springframework.data.repository.query.parser.PartTree$OrPart.<init>(PartTree.java:251)
	at org.springframework.data.repository.query.parser.PartTree$Predicate.lambda$new$0(PartTree.java:384)
	at java.base/java.util.stream.ReferencePipeline$3$1.accept(ReferencePipeline.java:197)
	at java.base/java.util.stream.ReferencePipeline$2$1.accept(ReferencePipeline.java:179)
	at java.base/java.util.Spliterators$ArraySpliterator.forEachRemaining(Spliterators.java:1006)
	at java.base/java.util.stream.AbstractPipeline.copyInto(AbstractPipeline.java:509)
	at java.base/java.util.stream.AbstractPipeline.wrapAndCopyInto(AbstractPipeline.java:499)
	at java.base/java.util.stream.ReduceOps$ReduceOp.evaluateSequential(ReduceOps.java:921)
	at java.base/java.util.stream.AbstractPipeline.evaluate(AbstractPipeline.java:234)
	at java.base/java.util.stream.ReferencePipeline.collect(ReferencePipeline.java:682)
	at org.springframework.data.repository.query.parser.PartTree$Predicate.<init>(PartTree.java:385)
	at org.springframework.data.repository.query.parser.PartTree.<init>(PartTree.java:96)
	at org.springframework.data.mongodb.repository.query.PartTreeMongoQuery.<init>(PartTreeMongoQuery.java:67)
	at org.springframework.data.mongodb.repository.support.MongoRepositoryFactory$MongoQueryLookupStrategy.resolveQuery(MongoRepositoryFactory.java:215)
	at org.springframework.data.repository.core.support.QueryExecutorMethodInterceptor.lookupQuery(QueryExecutorMethodInterceptor.java:103)
	... 66 common frames omitted

2023-05-13 23:50:05.380-0400 [Thread-3]  INFO [swag-home,,] 2577 --- [o.s.c.s.a.z.ZipkinAutoConfiguration     ] : Flushing remaining spans on shutdown
